[2022-09-23T16:01:20.396+0000] {processor.py:156} INFO - Started process (PID=250) to work on /home/airflow/.local/lib/python3.7/site-packages/airflow/example_dags/example_complex.py
[2022-09-23T16:01:20.397+0000] {processor.py:758} INFO - Processing file /home/airflow/.local/lib/python3.7/site-packages/airflow/example_dags/example_complex.py for tasks to queue
[2022-09-23T16:01:20.398+0000] {logging_mixin.py:117} INFO - [2022-09-23T16:01:20.397+0000] {dagbag.py:525} INFO - Filling up the DagBag from /home/airflow/.local/lib/python3.7/site-packages/airflow/example_dags/example_complex.py
[2022-09-23T16:01:20.488+0000] {processor.py:768} INFO - DAG(s) dict_keys(['example_complex']) retrieved from /home/airflow/.local/lib/python3.7/site-packages/airflow/example_dags/example_complex.py
[2022-09-23T16:01:20.893+0000] {logging_mixin.py:117} INFO - [2022-09-23T16:01:20.893+0000] {manager.py:508} INFO - Created Permission View: can read on DAG:example_complex
[2022-09-23T16:01:20.960+0000] {logging_mixin.py:117} INFO - [2022-09-23T16:01:20.959+0000] {manager.py:508} INFO - Created Permission View: can delete on DAG:example_complex
[2022-09-23T16:01:21.015+0000] {logging_mixin.py:117} INFO - [2022-09-23T16:01:21.015+0000] {manager.py:508} INFO - Created Permission View: can edit on DAG:example_complex
[2022-09-23T16:01:21.016+0000] {logging_mixin.py:117} INFO - [2022-09-23T16:01:21.016+0000] {dag.py:2573} INFO - Sync 1 DAGs
[2022-09-23T16:01:21.034+0000] {logging_mixin.py:117} INFO - [2022-09-23T16:01:21.034+0000] {dag.py:2594} INFO - Creating ORM DAG for example_complex
[2022-09-23T16:01:21.046+0000] {logging_mixin.py:117} INFO - [2022-09-23T16:01:21.046+0000] {dag.py:3328} INFO - Setting next_dagrun for example_complex to None, run_after=None
[2022-09-23T16:01:21.183+0000] {processor.py:178} INFO - Processing /home/airflow/.local/lib/python3.7/site-packages/airflow/example_dags/example_complex.py took 0.790 seconds
[2022-09-23T16:01:51.237+0000] {processor.py:156} INFO - Started process (PID=303) to work on /home/airflow/.local/lib/python3.7/site-packages/airflow/example_dags/example_complex.py
[2022-09-23T16:01:51.239+0000] {processor.py:758} INFO - Processing file /home/airflow/.local/lib/python3.7/site-packages/airflow/example_dags/example_complex.py for tasks to queue
[2022-09-23T16:01:51.240+0000] {logging_mixin.py:117} INFO - [2022-09-23T16:01:51.240+0000] {dagbag.py:525} INFO - Filling up the DagBag from /home/airflow/.local/lib/python3.7/site-packages/airflow/example_dags/example_complex.py
[2022-09-23T16:01:51.267+0000] {processor.py:768} INFO - DAG(s) dict_keys(['example_complex']) retrieved from /home/airflow/.local/lib/python3.7/site-packages/airflow/example_dags/example_complex.py
[2022-09-23T16:01:51.327+0000] {logging_mixin.py:117} INFO - [2022-09-23T16:01:51.327+0000] {dag.py:2573} INFO - Sync 1 DAGs
[2022-09-23T16:01:51.371+0000] {logging_mixin.py:117} INFO - [2022-09-23T16:01:51.371+0000] {dag.py:3328} INFO - Setting next_dagrun for example_complex to None, run_after=None
[2022-09-23T16:01:52.034+0000] {processor.py:178} INFO - Processing /home/airflow/.local/lib/python3.7/site-packages/airflow/example_dags/example_complex.py took 0.802 seconds
[2022-09-23T16:02:22.288+0000] {processor.py:156} INFO - Started process (PID=366) to work on /home/airflow/.local/lib/python3.7/site-packages/airflow/example_dags/example_complex.py
[2022-09-23T16:02:22.289+0000] {processor.py:758} INFO - Processing file /home/airflow/.local/lib/python3.7/site-packages/airflow/example_dags/example_complex.py for tasks to queue
[2022-09-23T16:02:22.290+0000] {logging_mixin.py:117} INFO - [2022-09-23T16:02:22.290+0000] {dagbag.py:525} INFO - Filling up the DagBag from /home/airflow/.local/lib/python3.7/site-packages/airflow/example_dags/example_complex.py
[2022-09-23T16:02:22.333+0000] {processor.py:768} INFO - DAG(s) dict_keys(['example_complex']) retrieved from /home/airflow/.local/lib/python3.7/site-packages/airflow/example_dags/example_complex.py
[2022-09-23T16:02:22.396+0000] {logging_mixin.py:117} INFO - [2022-09-23T16:02:22.396+0000] {dag.py:2573} INFO - Sync 1 DAGs
[2022-09-23T16:02:22.438+0000] {logging_mixin.py:117} INFO - [2022-09-23T16:02:22.438+0000] {dag.py:3328} INFO - Setting next_dagrun for example_complex to None, run_after=None
[2022-09-23T16:02:22.635+0000] {processor.py:178} INFO - Processing /home/airflow/.local/lib/python3.7/site-packages/airflow/example_dags/example_complex.py took 0.353 seconds
[2022-09-23T16:02:52.743+0000] {processor.py:156} INFO - Started process (PID=420) to work on /home/airflow/.local/lib/python3.7/site-packages/airflow/example_dags/example_complex.py
[2022-09-23T16:02:52.803+0000] {processor.py:758} INFO - Processing file /home/airflow/.local/lib/python3.7/site-packages/airflow/example_dags/example_complex.py for tasks to queue
[2022-09-23T16:02:52.805+0000] {logging_mixin.py:117} INFO - [2022-09-23T16:02:52.804+0000] {dagbag.py:525} INFO - Filling up the DagBag from /home/airflow/.local/lib/python3.7/site-packages/airflow/example_dags/example_complex.py
[2022-09-23T16:02:52.838+0000] {processor.py:768} INFO - DAG(s) dict_keys(['example_complex']) retrieved from /home/airflow/.local/lib/python3.7/site-packages/airflow/example_dags/example_complex.py
[2022-09-23T16:02:52.883+0000] {logging_mixin.py:117} INFO - [2022-09-23T16:02:52.883+0000] {dag.py:2573} INFO - Sync 1 DAGs
[2022-09-23T16:02:52.915+0000] {logging_mixin.py:117} INFO - [2022-09-23T16:02:52.915+0000] {dag.py:3328} INFO - Setting next_dagrun for example_complex to None, run_after=None
[2022-09-23T16:02:53.170+0000] {processor.py:178} INFO - Processing /home/airflow/.local/lib/python3.7/site-packages/airflow/example_dags/example_complex.py took 0.433 seconds
[2022-09-23T16:03:23.501+0000] {processor.py:156} INFO - Started process (PID=484) to work on /home/airflow/.local/lib/python3.7/site-packages/airflow/example_dags/example_complex.py
[2022-09-23T16:03:23.502+0000] {processor.py:758} INFO - Processing file /home/airflow/.local/lib/python3.7/site-packages/airflow/example_dags/example_complex.py for tasks to queue
[2022-09-23T16:03:23.503+0000] {logging_mixin.py:117} INFO - [2022-09-23T16:03:23.503+0000] {dagbag.py:525} INFO - Filling up the DagBag from /home/airflow/.local/lib/python3.7/site-packages/airflow/example_dags/example_complex.py
[2022-09-23T16:03:23.532+0000] {processor.py:768} INFO - DAG(s) dict_keys(['example_complex']) retrieved from /home/airflow/.local/lib/python3.7/site-packages/airflow/example_dags/example_complex.py
[2022-09-23T16:03:23.576+0000] {logging_mixin.py:117} INFO - [2022-09-23T16:03:23.576+0000] {dag.py:2573} INFO - Sync 1 DAGs
[2022-09-23T16:03:23.606+0000] {logging_mixin.py:117} INFO - [2022-09-23T16:03:23.606+0000] {dag.py:3328} INFO - Setting next_dagrun for example_complex to None, run_after=None
[2022-09-23T16:03:23.749+0000] {processor.py:178} INFO - Processing /home/airflow/.local/lib/python3.7/site-packages/airflow/example_dags/example_complex.py took 0.252 seconds
[2022-09-23T16:03:53.928+0000] {processor.py:156} INFO - Started process (PID=538) to work on /home/airflow/.local/lib/python3.7/site-packages/airflow/example_dags/example_complex.py
[2022-09-23T16:03:53.987+0000] {processor.py:758} INFO - Processing file /home/airflow/.local/lib/python3.7/site-packages/airflow/example_dags/example_complex.py for tasks to queue
[2022-09-23T16:03:53.989+0000] {logging_mixin.py:117} INFO - [2022-09-23T16:03:53.988+0000] {dagbag.py:525} INFO - Filling up the DagBag from /home/airflow/.local/lib/python3.7/site-packages/airflow/example_dags/example_complex.py
[2022-09-23T16:03:54.021+0000] {processor.py:768} INFO - DAG(s) dict_keys(['example_complex']) retrieved from /home/airflow/.local/lib/python3.7/site-packages/airflow/example_dags/example_complex.py
[2022-09-23T16:03:54.065+0000] {logging_mixin.py:117} INFO - [2022-09-23T16:03:54.064+0000] {dag.py:2573} INFO - Sync 1 DAGs
[2022-09-23T16:03:54.096+0000] {logging_mixin.py:117} INFO - [2022-09-23T16:03:54.096+0000] {dag.py:3328} INFO - Setting next_dagrun for example_complex to None, run_after=None
[2022-09-23T16:03:54.196+0000] {processor.py:178} INFO - Processing /home/airflow/.local/lib/python3.7/site-packages/airflow/example_dags/example_complex.py took 0.273 seconds
[2022-09-23T16:04:24.409+0000] {processor.py:156} INFO - Started process (PID=592) to work on /home/airflow/.local/lib/python3.7/site-packages/airflow/example_dags/example_complex.py
[2022-09-23T16:04:24.410+0000] {processor.py:758} INFO - Processing file /home/airflow/.local/lib/python3.7/site-packages/airflow/example_dags/example_complex.py for tasks to queue
[2022-09-23T16:04:24.411+0000] {logging_mixin.py:117} INFO - [2022-09-23T16:04:24.411+0000] {dagbag.py:525} INFO - Filling up the DagBag from /home/airflow/.local/lib/python3.7/site-packages/airflow/example_dags/example_complex.py
[2022-09-23T16:04:24.439+0000] {processor.py:768} INFO - DAG(s) dict_keys(['example_complex']) retrieved from /home/airflow/.local/lib/python3.7/site-packages/airflow/example_dags/example_complex.py
[2022-09-23T16:04:24.482+0000] {logging_mixin.py:117} INFO - [2022-09-23T16:04:24.482+0000] {dag.py:2573} INFO - Sync 1 DAGs
[2022-09-23T16:04:24.514+0000] {logging_mixin.py:117} INFO - [2022-09-23T16:04:24.514+0000] {dag.py:3328} INFO - Setting next_dagrun for example_complex to None, run_after=None
[2022-09-23T16:04:24.671+0000] {processor.py:178} INFO - Processing /home/airflow/.local/lib/python3.7/site-packages/airflow/example_dags/example_complex.py took 0.266 seconds
[2022-09-23T16:05:02.613+0000] {processor.py:156} INFO - Started process (PID=646) to work on /home/airflow/.local/lib/python3.7/site-packages/airflow/example_dags/example_complex.py
[2022-09-23T16:05:02.638+0000] {processor.py:758} INFO - Processing file /home/airflow/.local/lib/python3.7/site-packages/airflow/example_dags/example_complex.py for tasks to queue
[2022-09-23T16:05:02.639+0000] {logging_mixin.py:117} INFO - [2022-09-23T16:05:02.639+0000] {dagbag.py:525} INFO - Filling up the DagBag from /home/airflow/.local/lib/python3.7/site-packages/airflow/example_dags/example_complex.py
[2022-09-23T16:05:03.053+0000] {processor.py:768} INFO - DAG(s) dict_keys(['example_complex']) retrieved from /home/airflow/.local/lib/python3.7/site-packages/airflow/example_dags/example_complex.py
[2022-09-23T16:05:05.415+0000] {logging_mixin.py:117} INFO - [2022-09-23T16:05:05.415+0000] {dag.py:2573} INFO - Sync 1 DAGs
[2022-09-23T16:05:05.447+0000] {logging_mixin.py:117} INFO - [2022-09-23T16:05:05.447+0000] {dag.py:3328} INFO - Setting next_dagrun for example_complex to None, run_after=None
[2022-09-23T16:05:05.885+0000] {processor.py:178} INFO - Processing /home/airflow/.local/lib/python3.7/site-packages/airflow/example_dags/example_complex.py took 3.276 seconds
[2022-09-23T16:09:27.847+0000] {processor.py:156} INFO - Started process (PID=764) to work on /home/airflow/.local/lib/python3.7/site-packages/airflow/example_dags/example_complex.py
[2022-09-23T16:09:27.864+0000] {processor.py:758} INFO - Processing file /home/airflow/.local/lib/python3.7/site-packages/airflow/example_dags/example_complex.py for tasks to queue
[2022-09-23T16:09:27.865+0000] {logging_mixin.py:117} INFO - [2022-09-23T16:09:27.865+0000] {dagbag.py:525} INFO - Filling up the DagBag from /home/airflow/.local/lib/python3.7/site-packages/airflow/example_dags/example_complex.py
[2022-09-23T16:09:29.113+0000] {processor.py:768} INFO - DAG(s) dict_keys(['example_complex']) retrieved from /home/airflow/.local/lib/python3.7/site-packages/airflow/example_dags/example_complex.py
[2022-09-23T16:09:29.161+0000] {logging_mixin.py:117} INFO - [2022-09-23T16:09:29.161+0000] {dag.py:2573} INFO - Sync 1 DAGs
[2022-09-23T16:09:29.193+0000] {logging_mixin.py:117} INFO - [2022-09-23T16:09:29.193+0000] {dag.py:3328} INFO - Setting next_dagrun for example_complex to None, run_after=None
[2022-09-23T16:09:29.609+0000] {processor.py:178} INFO - Processing /home/airflow/.local/lib/python3.7/site-packages/airflow/example_dags/example_complex.py took 1.767 seconds
[2022-09-23T16:19:53.765+0000] {processor.py:156} INFO - Started process (PID=867) to work on /home/airflow/.local/lib/python3.7/site-packages/airflow/example_dags/example_complex.py
[2022-09-23T16:19:54.058+0000] {processor.py:758} INFO - Processing file /home/airflow/.local/lib/python3.7/site-packages/airflow/example_dags/example_complex.py for tasks to queue
[2022-09-23T16:19:54.059+0000] {logging_mixin.py:117} INFO - [2022-09-23T16:19:54.059+0000] {dagbag.py:525} INFO - Filling up the DagBag from /home/airflow/.local/lib/python3.7/site-packages/airflow/example_dags/example_complex.py
[2022-09-23T16:19:54.927+0000] {processor.py:768} INFO - DAG(s) dict_keys(['example_complex']) retrieved from /home/airflow/.local/lib/python3.7/site-packages/airflow/example_dags/example_complex.py
[2022-09-23T16:19:54.974+0000] {logging_mixin.py:117} INFO - [2022-09-23T16:19:54.974+0000] {dag.py:2573} INFO - Sync 1 DAGs
[2022-09-23T16:19:55.004+0000] {logging_mixin.py:117} INFO - [2022-09-23T16:19:55.004+0000] {dag.py:3328} INFO - Setting next_dagrun for example_complex to None, run_after=None
[2022-09-23T16:19:55.240+0000] {processor.py:178} INFO - Processing /home/airflow/.local/lib/python3.7/site-packages/airflow/example_dags/example_complex.py took 1.479 seconds
[2022-09-23T16:33:03.166+0000] {processor.py:156} INFO - Started process (PID=260) to work on /home/airflow/.local/lib/python3.7/site-packages/airflow/example_dags/example_complex.py
[2022-09-23T16:33:03.277+0000] {processor.py:758} INFO - Processing file /home/airflow/.local/lib/python3.7/site-packages/airflow/example_dags/example_complex.py for tasks to queue
[2022-09-23T16:33:03.279+0000] {logging_mixin.py:117} INFO - [2022-09-23T16:33:03.278+0000] {dagbag.py:525} INFO - Filling up the DagBag from /home/airflow/.local/lib/python3.7/site-packages/airflow/example_dags/example_complex.py
[2022-09-23T16:33:03.325+0000] {processor.py:768} INFO - DAG(s) dict_keys(['example_complex']) retrieved from /home/airflow/.local/lib/python3.7/site-packages/airflow/example_dags/example_complex.py
[2022-09-23T16:33:03.384+0000] {logging_mixin.py:117} INFO - [2022-09-23T16:33:03.384+0000] {dag.py:2573} INFO - Sync 1 DAGs
[2022-09-23T16:33:03.417+0000] {logging_mixin.py:117} INFO - [2022-09-23T16:33:03.417+0000] {dag.py:3328} INFO - Setting next_dagrun for example_complex to None, run_after=None
[2022-09-23T16:33:03.894+0000] {processor.py:178} INFO - Processing /home/airflow/.local/lib/python3.7/site-packages/airflow/example_dags/example_complex.py took 0.733 seconds
[2022-09-23T16:55:42.214+0000] {processor.py:156} INFO - Started process (PID=189) to work on /home/airflow/.local/lib/python3.7/site-packages/airflow/example_dags/example_complex.py
[2022-09-23T16:55:42.340+0000] {processor.py:758} INFO - Processing file /home/airflow/.local/lib/python3.7/site-packages/airflow/example_dags/example_complex.py for tasks to queue
[2022-09-23T16:55:42.341+0000] {logging_mixin.py:117} INFO - [2022-09-23T16:55:42.341+0000] {dagbag.py:525} INFO - Filling up the DagBag from /home/airflow/.local/lib/python3.7/site-packages/airflow/example_dags/example_complex.py
[2022-09-23T16:55:42.751+0000] {processor.py:768} INFO - DAG(s) dict_keys(['example_complex']) retrieved from /home/airflow/.local/lib/python3.7/site-packages/airflow/example_dags/example_complex.py
[2022-09-23T16:55:42.803+0000] {logging_mixin.py:117} INFO - [2022-09-23T16:55:42.803+0000] {dag.py:2573} INFO - Sync 1 DAGs
[2022-09-23T16:55:42.835+0000] {logging_mixin.py:117} INFO - [2022-09-23T16:55:42.835+0000] {dag.py:3328} INFO - Setting next_dagrun for example_complex to None, run_after=None
[2022-09-23T16:55:43.114+0000] {processor.py:178} INFO - Processing /home/airflow/.local/lib/python3.7/site-packages/airflow/example_dags/example_complex.py took 0.904 seconds
[2022-09-23T17:00:45.586+0000] {processor.py:156} INFO - Started process (PID=260) to work on /home/airflow/.local/lib/python3.7/site-packages/airflow/example_dags/example_complex.py
[2022-09-23T17:00:45.807+0000] {processor.py:758} INFO - Processing file /home/airflow/.local/lib/python3.7/site-packages/airflow/example_dags/example_complex.py for tasks to queue
[2022-09-23T17:00:45.808+0000] {logging_mixin.py:117} INFO - [2022-09-23T17:00:45.808+0000] {dagbag.py:525} INFO - Filling up the DagBag from /home/airflow/.local/lib/python3.7/site-packages/airflow/example_dags/example_complex.py
[2022-09-23T17:00:46.496+0000] {processor.py:768} INFO - DAG(s) dict_keys(['example_complex']) retrieved from /home/airflow/.local/lib/python3.7/site-packages/airflow/example_dags/example_complex.py
[2022-09-23T17:00:47.732+0000] {logging_mixin.py:117} INFO - [2022-09-23T17:00:47.732+0000] {dag.py:2573} INFO - Sync 1 DAGs
[2022-09-23T17:00:47.770+0000] {logging_mixin.py:117} INFO - [2022-09-23T17:00:47.769+0000] {dag.py:3328} INFO - Setting next_dagrun for example_complex to None, run_after=None
[2022-09-23T17:00:48.623+0000] {processor.py:178} INFO - Processing /home/airflow/.local/lib/python3.7/site-packages/airflow/example_dags/example_complex.py took 3.042 seconds
[2022-09-23T17:07:22.586+0000] {processor.py:156} INFO - Started process (PID=346) to work on /home/airflow/.local/lib/python3.7/site-packages/airflow/example_dags/example_complex.py
[2022-09-23T17:07:24.060+0000] {processor.py:758} INFO - Processing file /home/airflow/.local/lib/python3.7/site-packages/airflow/example_dags/example_complex.py for tasks to queue
[2022-09-23T17:07:24.062+0000] {logging_mixin.py:117} INFO - [2022-09-23T17:07:24.062+0000] {dagbag.py:525} INFO - Filling up the DagBag from /home/airflow/.local/lib/python3.7/site-packages/airflow/example_dags/example_complex.py
[2022-09-23T17:07:24.831+0000] {processor.py:768} INFO - DAG(s) dict_keys(['example_complex']) retrieved from /home/airflow/.local/lib/python3.7/site-packages/airflow/example_dags/example_complex.py
[2022-09-23T17:07:24.891+0000] {logging_mixin.py:117} INFO - [2022-09-23T17:07:24.891+0000] {dag.py:2573} INFO - Sync 1 DAGs
[2022-09-23T17:07:24.925+0000] {logging_mixin.py:117} INFO - [2022-09-23T17:07:24.925+0000] {dag.py:3328} INFO - Setting next_dagrun for example_complex to None, run_after=None
[2022-09-23T17:07:25.203+0000] {processor.py:178} INFO - Processing /home/airflow/.local/lib/python3.7/site-packages/airflow/example_dags/example_complex.py took 2.622 seconds
[2022-09-23T17:41:34.768+0000] {processor.py:156} INFO - Started process (PID=197) to work on /home/airflow/.local/lib/python3.7/site-packages/airflow/example_dags/example_complex.py
[2022-09-23T17:41:35.381+0000] {processor.py:758} INFO - Processing file /home/airflow/.local/lib/python3.7/site-packages/airflow/example_dags/example_complex.py for tasks to queue
[2022-09-23T17:41:35.383+0000] {logging_mixin.py:117} INFO - [2022-09-23T17:41:35.382+0000] {dagbag.py:525} INFO - Filling up the DagBag from /home/airflow/.local/lib/python3.7/site-packages/airflow/example_dags/example_complex.py
[2022-09-23T17:42:05.376+0000] {processor.py:768} INFO - DAG(s) dict_keys(['example_complex']) retrieved from /home/airflow/.local/lib/python3.7/site-packages/airflow/example_dags/example_complex.py
[2022-09-23T17:48:49.541+0000] {processor.py:156} INFO - Started process (PID=274) to work on /home/airflow/.local/lib/python3.7/site-packages/airflow/example_dags/example_complex.py
[2022-09-23T17:48:50.799+0000] {processor.py:758} INFO - Processing file /home/airflow/.local/lib/python3.7/site-packages/airflow/example_dags/example_complex.py for tasks to queue
[2022-09-23T17:48:50.801+0000] {logging_mixin.py:117} INFO - [2022-09-23T17:48:50.800+0000] {dagbag.py:525} INFO - Filling up the DagBag from /home/airflow/.local/lib/python3.7/site-packages/airflow/example_dags/example_complex.py
[2022-09-23T17:48:52.159+0000] {processor.py:768} INFO - DAG(s) dict_keys(['example_complex']) retrieved from /home/airflow/.local/lib/python3.7/site-packages/airflow/example_dags/example_complex.py
[2022-09-23T17:49:08.039+0000] {logging_mixin.py:117} INFO - [2022-09-23T17:49:07.219+0000] {dag.py:2573} INFO - Sync 1 DAGs
[2022-09-23T17:49:11.509+0000] {logging_mixin.py:117} INFO - [2022-09-23T17:49:11.508+0000] {dag.py:3328} INFO - Setting next_dagrun for example_complex to None, run_after=None
[2022-09-23T17:50:47.900+0000] {processor.py:178} INFO - Processing /home/airflow/.local/lib/python3.7/site-packages/airflow/example_dags/example_complex.py took 118.365 seconds
[2022-09-23T18:11:00.704+0000] {processor.py:156} INFO - Started process (PID=154) to work on /home/airflow/.local/lib/python3.7/site-packages/airflow/example_dags/example_complex.py
[2022-09-23T18:11:00.798+0000] {processor.py:758} INFO - Processing file /home/airflow/.local/lib/python3.7/site-packages/airflow/example_dags/example_complex.py for tasks to queue
[2022-09-23T18:11:00.799+0000] {logging_mixin.py:117} INFO - [2022-09-23T18:11:00.798+0000] {dagbag.py:525} INFO - Filling up the DagBag from /home/airflow/.local/lib/python3.7/site-packages/airflow/example_dags/example_complex.py
[2022-09-23T18:11:00.838+0000] {processor.py:768} INFO - DAG(s) dict_keys(['example_complex']) retrieved from /home/airflow/.local/lib/python3.7/site-packages/airflow/example_dags/example_complex.py
[2022-09-23T18:11:01.325+0000] {logging_mixin.py:117} INFO - [2022-09-23T18:11:01.324+0000] {dag.py:2573} INFO - Sync 1 DAGs
[2022-09-23T18:11:01.377+0000] {logging_mixin.py:117} INFO - [2022-09-23T18:11:01.377+0000] {dag.py:3328} INFO - Setting next_dagrun for example_complex to None, run_after=None
[2022-09-23T18:11:01.537+0000] {processor.py:178} INFO - Processing /home/airflow/.local/lib/python3.7/site-packages/airflow/example_dags/example_complex.py took 0.836 seconds
[2022-09-23T18:14:56.328+0000] {processor.py:156} INFO - Started process (PID=326) to work on /home/airflow/.local/lib/python3.7/site-packages/airflow/example_dags/example_complex.py
[2022-09-23T18:14:56.430+0000] {processor.py:758} INFO - Processing file /home/airflow/.local/lib/python3.7/site-packages/airflow/example_dags/example_complex.py for tasks to queue
[2022-09-23T18:14:56.431+0000] {logging_mixin.py:117} INFO - [2022-09-23T18:14:56.431+0000] {dagbag.py:525} INFO - Filling up the DagBag from /home/airflow/.local/lib/python3.7/site-packages/airflow/example_dags/example_complex.py
[2022-09-23T18:14:56.733+0000] {processor.py:768} INFO - DAG(s) dict_keys(['example_complex']) retrieved from /home/airflow/.local/lib/python3.7/site-packages/airflow/example_dags/example_complex.py
[2022-09-23T18:14:56.839+0000] {logging_mixin.py:117} INFO - [2022-09-23T18:14:56.838+0000] {dag.py:2573} INFO - Sync 1 DAGs
[2022-09-23T18:14:56.922+0000] {logging_mixin.py:117} INFO - [2022-09-23T18:14:56.922+0000] {dag.py:3328} INFO - Setting next_dagrun for example_complex to None, run_after=None
[2022-09-23T18:14:57.151+0000] {processor.py:178} INFO - Processing /home/airflow/.local/lib/python3.7/site-packages/airflow/example_dags/example_complex.py took 0.828 seconds
[2022-09-23T18:15:27.671+0000] {processor.py:156} INFO - Started process (PID=379) to work on /home/airflow/.local/lib/python3.7/site-packages/airflow/example_dags/example_complex.py
[2022-09-23T18:15:27.688+0000] {processor.py:758} INFO - Processing file /home/airflow/.local/lib/python3.7/site-packages/airflow/example_dags/example_complex.py for tasks to queue
[2022-09-23T18:15:27.689+0000] {logging_mixin.py:117} INFO - [2022-09-23T18:15:27.688+0000] {dagbag.py:525} INFO - Filling up the DagBag from /home/airflow/.local/lib/python3.7/site-packages/airflow/example_dags/example_complex.py
[2022-09-23T18:15:27.719+0000] {processor.py:768} INFO - DAG(s) dict_keys(['example_complex']) retrieved from /home/airflow/.local/lib/python3.7/site-packages/airflow/example_dags/example_complex.py
[2022-09-23T18:15:27.783+0000] {logging_mixin.py:117} INFO - [2022-09-23T18:15:27.782+0000] {dag.py:2573} INFO - Sync 1 DAGs
[2022-09-23T18:15:27.832+0000] {logging_mixin.py:117} INFO - [2022-09-23T18:15:27.832+0000] {dag.py:3328} INFO - Setting next_dagrun for example_complex to None, run_after=None
[2022-09-23T18:15:27.989+0000] {processor.py:178} INFO - Processing /home/airflow/.local/lib/python3.7/site-packages/airflow/example_dags/example_complex.py took 0.321 seconds
[2022-09-23T18:15:58.273+0000] {processor.py:156} INFO - Started process (PID=442) to work on /home/airflow/.local/lib/python3.7/site-packages/airflow/example_dags/example_complex.py
[2022-09-23T18:15:58.274+0000] {processor.py:758} INFO - Processing file /home/airflow/.local/lib/python3.7/site-packages/airflow/example_dags/example_complex.py for tasks to queue
[2022-09-23T18:15:58.275+0000] {logging_mixin.py:117} INFO - [2022-09-23T18:15:58.275+0000] {dagbag.py:525} INFO - Filling up the DagBag from /home/airflow/.local/lib/python3.7/site-packages/airflow/example_dags/example_complex.py
[2022-09-23T18:15:58.314+0000] {processor.py:768} INFO - DAG(s) dict_keys(['example_complex']) retrieved from /home/airflow/.local/lib/python3.7/site-packages/airflow/example_dags/example_complex.py
[2022-09-23T18:15:58.395+0000] {logging_mixin.py:117} INFO - [2022-09-23T18:15:58.395+0000] {dag.py:2573} INFO - Sync 1 DAGs
[2022-09-23T18:15:58.444+0000] {logging_mixin.py:117} INFO - [2022-09-23T18:15:58.444+0000] {dag.py:3328} INFO - Setting next_dagrun for example_complex to None, run_after=None
[2022-09-23T18:15:58.541+0000] {processor.py:178} INFO - Processing /home/airflow/.local/lib/python3.7/site-packages/airflow/example_dags/example_complex.py took 0.272 seconds
[2022-09-23T23:23:05.328+0000] {processor.py:156} INFO - Started process (PID=154) to work on /home/airflow/.local/lib/python3.7/site-packages/airflow/example_dags/example_complex.py
[2022-09-23T23:23:05.401+0000] {processor.py:758} INFO - Processing file /home/airflow/.local/lib/python3.7/site-packages/airflow/example_dags/example_complex.py for tasks to queue
[2022-09-23T23:23:05.402+0000] {logging_mixin.py:117} INFO - [2022-09-23T23:23:05.402+0000] {dagbag.py:525} INFO - Filling up the DagBag from /home/airflow/.local/lib/python3.7/site-packages/airflow/example_dags/example_complex.py
[2022-09-23T23:23:05.448+0000] {processor.py:768} INFO - DAG(s) dict_keys(['example_complex']) retrieved from /home/airflow/.local/lib/python3.7/site-packages/airflow/example_dags/example_complex.py
[2022-09-23T23:23:05.756+0000] {logging_mixin.py:117} INFO - [2022-09-23T23:23:05.755+0000] {dag.py:2573} INFO - Sync 1 DAGs
[2022-09-23T23:23:05.818+0000] {logging_mixin.py:117} INFO - [2022-09-23T23:23:05.818+0000] {dag.py:3328} INFO - Setting next_dagrun for example_complex to None, run_after=None
[2022-09-23T23:23:05.964+0000] {processor.py:178} INFO - Processing /home/airflow/.local/lib/python3.7/site-packages/airflow/example_dags/example_complex.py took 0.639 seconds
[2022-09-23T23:23:38.592+0000] {processor.py:156} INFO - Started process (PID=217) to work on /home/airflow/.local/lib/python3.7/site-packages/airflow/example_dags/example_complex.py
[2022-09-23T23:23:38.683+0000] {processor.py:758} INFO - Processing file /home/airflow/.local/lib/python3.7/site-packages/airflow/example_dags/example_complex.py for tasks to queue
[2022-09-23T23:23:38.843+0000] {logging_mixin.py:117} INFO - [2022-09-23T23:23:38.843+0000] {dagbag.py:525} INFO - Filling up the DagBag from /home/airflow/.local/lib/python3.7/site-packages/airflow/example_dags/example_complex.py
[2022-09-23T23:23:39.070+0000] {processor.py:768} INFO - DAG(s) dict_keys(['example_complex']) retrieved from /home/airflow/.local/lib/python3.7/site-packages/airflow/example_dags/example_complex.py
[2022-09-23T23:23:39.130+0000] {logging_mixin.py:117} INFO - [2022-09-23T23:23:39.130+0000] {dag.py:2573} INFO - Sync 1 DAGs
[2022-09-23T23:23:39.171+0000] {logging_mixin.py:117} INFO - [2022-09-23T23:23:39.170+0000] {dag.py:3328} INFO - Setting next_dagrun for example_complex to None, run_after=None
[2022-09-23T23:23:39.455+0000] {processor.py:178} INFO - Processing /home/airflow/.local/lib/python3.7/site-packages/airflow/example_dags/example_complex.py took 0.868 seconds
[2022-09-23T23:24:09.666+0000] {processor.py:156} INFO - Started process (PID=271) to work on /home/airflow/.local/lib/python3.7/site-packages/airflow/example_dags/example_complex.py
[2022-09-23T23:24:09.842+0000] {processor.py:758} INFO - Processing file /home/airflow/.local/lib/python3.7/site-packages/airflow/example_dags/example_complex.py for tasks to queue
[2022-09-23T23:24:09.843+0000] {logging_mixin.py:117} INFO - [2022-09-23T23:24:09.843+0000] {dagbag.py:525} INFO - Filling up the DagBag from /home/airflow/.local/lib/python3.7/site-packages/airflow/example_dags/example_complex.py
[2022-09-23T23:24:10.033+0000] {processor.py:768} INFO - DAG(s) dict_keys(['example_complex']) retrieved from /home/airflow/.local/lib/python3.7/site-packages/airflow/example_dags/example_complex.py
[2022-09-23T23:24:10.097+0000] {logging_mixin.py:117} INFO - [2022-09-23T23:24:10.097+0000] {dag.py:2573} INFO - Sync 1 DAGs
[2022-09-23T23:24:10.133+0000] {logging_mixin.py:117} INFO - [2022-09-23T23:24:10.133+0000] {dag.py:3328} INFO - Setting next_dagrun for example_complex to None, run_after=None
[2022-09-23T23:24:10.375+0000] {processor.py:178} INFO - Processing /home/airflow/.local/lib/python3.7/site-packages/airflow/example_dags/example_complex.py took 0.713 seconds
[2022-09-23T23:31:12.417+0000] {processor.py:156} INFO - Started process (PID=455) to work on /home/airflow/.local/lib/python3.7/site-packages/airflow/example_dags/example_complex.py
[2022-09-23T23:31:12.662+0000] {processor.py:758} INFO - Processing file /home/airflow/.local/lib/python3.7/site-packages/airflow/example_dags/example_complex.py for tasks to queue
[2022-09-23T23:31:12.663+0000] {logging_mixin.py:117} INFO - [2022-09-23T23:31:12.663+0000] {dagbag.py:525} INFO - Filling up the DagBag from /home/airflow/.local/lib/python3.7/site-packages/airflow/example_dags/example_complex.py
[2022-09-23T23:31:13.552+0000] {processor.py:768} INFO - DAG(s) dict_keys(['example_complex']) retrieved from /home/airflow/.local/lib/python3.7/site-packages/airflow/example_dags/example_complex.py
[2022-09-23T23:31:13.769+0000] {logging_mixin.py:117} INFO - [2022-09-23T23:31:13.768+0000] {dag.py:2573} INFO - Sync 1 DAGs
[2022-09-23T23:31:13.985+0000] {logging_mixin.py:117} INFO - [2022-09-23T23:31:13.985+0000] {dag.py:3328} INFO - Setting next_dagrun for example_complex to None, run_after=None
[2022-09-23T23:31:14.342+0000] {processor.py:178} INFO - Processing /home/airflow/.local/lib/python3.7/site-packages/airflow/example_dags/example_complex.py took 1.929 seconds
[2022-09-23T23:32:03.244+0000] {processor.py:156} INFO - Started process (PID=522) to work on /home/airflow/.local/lib/python3.7/site-packages/airflow/example_dags/example_complex.py
[2022-09-23T23:32:03.354+0000] {processor.py:758} INFO - Processing file /home/airflow/.local/lib/python3.7/site-packages/airflow/example_dags/example_complex.py for tasks to queue
[2022-09-23T23:32:03.357+0000] {logging_mixin.py:117} INFO - [2022-09-23T23:32:03.356+0000] {dagbag.py:525} INFO - Filling up the DagBag from /home/airflow/.local/lib/python3.7/site-packages/airflow/example_dags/example_complex.py
[2022-09-23T23:32:03.388+0000] {processor.py:768} INFO - DAG(s) dict_keys(['example_complex']) retrieved from /home/airflow/.local/lib/python3.7/site-packages/airflow/example_dags/example_complex.py
[2022-09-23T23:32:03.456+0000] {logging_mixin.py:117} INFO - [2022-09-23T23:32:03.456+0000] {dag.py:2573} INFO - Sync 1 DAGs
[2022-09-23T23:32:03.592+0000] {logging_mixin.py:117} INFO - [2022-09-23T23:32:03.591+0000] {dag.py:3328} INFO - Setting next_dagrun for example_complex to None, run_after=None
[2022-09-23T23:32:03.726+0000] {processor.py:178} INFO - Processing /home/airflow/.local/lib/python3.7/site-packages/airflow/example_dags/example_complex.py took 0.485 seconds
[2022-09-23T23:32:33.981+0000] {processor.py:156} INFO - Started process (PID=577) to work on /home/airflow/.local/lib/python3.7/site-packages/airflow/example_dags/example_complex.py
[2022-09-23T23:32:33.981+0000] {processor.py:758} INFO - Processing file /home/airflow/.local/lib/python3.7/site-packages/airflow/example_dags/example_complex.py for tasks to queue
[2022-09-23T23:32:33.982+0000] {logging_mixin.py:117} INFO - [2022-09-23T23:32:33.982+0000] {dagbag.py:525} INFO - Filling up the DagBag from /home/airflow/.local/lib/python3.7/site-packages/airflow/example_dags/example_complex.py
[2022-09-23T23:32:34.010+0000] {processor.py:768} INFO - DAG(s) dict_keys(['example_complex']) retrieved from /home/airflow/.local/lib/python3.7/site-packages/airflow/example_dags/example_complex.py
[2022-09-23T23:32:34.069+0000] {logging_mixin.py:117} INFO - [2022-09-23T23:32:34.069+0000] {dag.py:2573} INFO - Sync 1 DAGs
[2022-09-23T23:32:34.102+0000] {logging_mixin.py:117} INFO - [2022-09-23T23:32:34.102+0000] {dag.py:3328} INFO - Setting next_dagrun for example_complex to None, run_after=None
[2022-09-23T23:32:34.211+0000] {processor.py:178} INFO - Processing /home/airflow/.local/lib/python3.7/site-packages/airflow/example_dags/example_complex.py took 0.234 seconds
[2022-09-23T23:33:05.465+0000] {processor.py:156} INFO - Started process (PID=638) to work on /home/airflow/.local/lib/python3.7/site-packages/airflow/example_dags/example_complex.py
[2022-09-23T23:33:05.497+0000] {processor.py:758} INFO - Processing file /home/airflow/.local/lib/python3.7/site-packages/airflow/example_dags/example_complex.py for tasks to queue
[2022-09-23T23:33:05.498+0000] {logging_mixin.py:117} INFO - [2022-09-23T23:33:05.498+0000] {dagbag.py:525} INFO - Filling up the DagBag from /home/airflow/.local/lib/python3.7/site-packages/airflow/example_dags/example_complex.py
[2022-09-23T23:33:05.526+0000] {processor.py:768} INFO - DAG(s) dict_keys(['example_complex']) retrieved from /home/airflow/.local/lib/python3.7/site-packages/airflow/example_dags/example_complex.py
[2022-09-23T23:33:05.612+0000] {logging_mixin.py:117} INFO - [2022-09-23T23:33:05.612+0000] {dag.py:2573} INFO - Sync 1 DAGs
[2022-09-23T23:33:05.657+0000] {logging_mixin.py:117} INFO - [2022-09-23T23:33:05.657+0000] {dag.py:3328} INFO - Setting next_dagrun for example_complex to None, run_after=None
[2022-09-23T23:33:05.712+0000] {processor.py:178} INFO - Processing /home/airflow/.local/lib/python3.7/site-packages/airflow/example_dags/example_complex.py took 0.250 seconds
[2022-09-23T23:33:35.794+0000] {processor.py:156} INFO - Started process (PID=691) to work on /home/airflow/.local/lib/python3.7/site-packages/airflow/example_dags/example_complex.py
[2022-09-23T23:33:35.795+0000] {processor.py:758} INFO - Processing file /home/airflow/.local/lib/python3.7/site-packages/airflow/example_dags/example_complex.py for tasks to queue
[2022-09-23T23:33:35.796+0000] {logging_mixin.py:117} INFO - [2022-09-23T23:33:35.796+0000] {dagbag.py:525} INFO - Filling up the DagBag from /home/airflow/.local/lib/python3.7/site-packages/airflow/example_dags/example_complex.py
[2022-09-23T23:33:35.824+0000] {processor.py:768} INFO - DAG(s) dict_keys(['example_complex']) retrieved from /home/airflow/.local/lib/python3.7/site-packages/airflow/example_dags/example_complex.py
[2022-09-23T23:33:35.891+0000] {logging_mixin.py:117} INFO - [2022-09-23T23:33:35.891+0000] {dag.py:2573} INFO - Sync 1 DAGs
[2022-09-23T23:33:35.947+0000] {logging_mixin.py:117} INFO - [2022-09-23T23:33:35.947+0000] {dag.py:3328} INFO - Setting next_dagrun for example_complex to None, run_after=None
[2022-09-23T23:33:36.048+0000] {processor.py:178} INFO - Processing /home/airflow/.local/lib/python3.7/site-packages/airflow/example_dags/example_complex.py took 0.260 seconds
[2022-09-23T23:34:06.909+0000] {processor.py:156} INFO - Started process (PID=754) to work on /home/airflow/.local/lib/python3.7/site-packages/airflow/example_dags/example_complex.py
[2022-09-23T23:34:07.059+0000] {processor.py:758} INFO - Processing file /home/airflow/.local/lib/python3.7/site-packages/airflow/example_dags/example_complex.py for tasks to queue
[2022-09-23T23:34:07.061+0000] {logging_mixin.py:117} INFO - [2022-09-23T23:34:07.060+0000] {dagbag.py:525} INFO - Filling up the DagBag from /home/airflow/.local/lib/python3.7/site-packages/airflow/example_dags/example_complex.py
[2022-09-23T23:34:07.094+0000] {processor.py:768} INFO - DAG(s) dict_keys(['example_complex']) retrieved from /home/airflow/.local/lib/python3.7/site-packages/airflow/example_dags/example_complex.py
[2022-09-23T23:34:07.168+0000] {logging_mixin.py:117} INFO - [2022-09-23T23:34:07.168+0000] {dag.py:2573} INFO - Sync 1 DAGs
[2022-09-23T23:34:07.211+0000] {logging_mixin.py:117} INFO - [2022-09-23T23:34:07.211+0000] {dag.py:3328} INFO - Setting next_dagrun for example_complex to None, run_after=None
[2022-09-23T23:34:07.337+0000] {processor.py:178} INFO - Processing /home/airflow/.local/lib/python3.7/site-packages/airflow/example_dags/example_complex.py took 0.432 seconds
[2022-09-23T23:34:38.131+0000] {processor.py:156} INFO - Started process (PID=808) to work on /home/airflow/.local/lib/python3.7/site-packages/airflow/example_dags/example_complex.py
[2022-09-23T23:34:38.161+0000] {processor.py:758} INFO - Processing file /home/airflow/.local/lib/python3.7/site-packages/airflow/example_dags/example_complex.py for tasks to queue
[2022-09-23T23:34:38.162+0000] {logging_mixin.py:117} INFO - [2022-09-23T23:34:38.162+0000] {dagbag.py:525} INFO - Filling up the DagBag from /home/airflow/.local/lib/python3.7/site-packages/airflow/example_dags/example_complex.py
[2022-09-23T23:34:38.191+0000] {processor.py:768} INFO - DAG(s) dict_keys(['example_complex']) retrieved from /home/airflow/.local/lib/python3.7/site-packages/airflow/example_dags/example_complex.py
[2022-09-23T23:34:38.255+0000] {logging_mixin.py:117} INFO - [2022-09-23T23:34:38.255+0000] {dag.py:2573} INFO - Sync 1 DAGs
[2022-09-23T23:34:38.295+0000] {logging_mixin.py:117} INFO - [2022-09-23T23:34:38.295+0000] {dag.py:3328} INFO - Setting next_dagrun for example_complex to None, run_after=None
[2022-09-23T23:34:38.356+0000] {processor.py:178} INFO - Processing /home/airflow/.local/lib/python3.7/site-packages/airflow/example_dags/example_complex.py took 0.229 seconds
[2022-09-23T23:35:09.493+0000] {processor.py:156} INFO - Started process (PID=871) to work on /home/airflow/.local/lib/python3.7/site-packages/airflow/example_dags/example_complex.py
[2022-09-23T23:35:09.494+0000] {processor.py:758} INFO - Processing file /home/airflow/.local/lib/python3.7/site-packages/airflow/example_dags/example_complex.py for tasks to queue
[2022-09-23T23:35:09.495+0000] {logging_mixin.py:117} INFO - [2022-09-23T23:35:09.495+0000] {dagbag.py:525} INFO - Filling up the DagBag from /home/airflow/.local/lib/python3.7/site-packages/airflow/example_dags/example_complex.py
[2022-09-23T23:35:09.530+0000] {processor.py:768} INFO - DAG(s) dict_keys(['example_complex']) retrieved from /home/airflow/.local/lib/python3.7/site-packages/airflow/example_dags/example_complex.py
[2022-09-23T23:35:09.609+0000] {logging_mixin.py:117} INFO - [2022-09-23T23:35:09.609+0000] {dag.py:2573} INFO - Sync 1 DAGs
[2022-09-23T23:35:09.659+0000] {logging_mixin.py:117} INFO - [2022-09-23T23:35:09.659+0000] {dag.py:3328} INFO - Setting next_dagrun for example_complex to None, run_after=None
[2022-09-23T23:35:09.841+0000] {processor.py:178} INFO - Processing /home/airflow/.local/lib/python3.7/site-packages/airflow/example_dags/example_complex.py took 0.352 seconds
[2022-09-23T23:35:41.056+0000] {processor.py:156} INFO - Started process (PID=927) to work on /home/airflow/.local/lib/python3.7/site-packages/airflow/example_dags/example_complex.py
[2022-09-23T23:35:41.057+0000] {processor.py:758} INFO - Processing file /home/airflow/.local/lib/python3.7/site-packages/airflow/example_dags/example_complex.py for tasks to queue
[2022-09-23T23:35:41.058+0000] {logging_mixin.py:117} INFO - [2022-09-23T23:35:41.058+0000] {dagbag.py:525} INFO - Filling up the DagBag from /home/airflow/.local/lib/python3.7/site-packages/airflow/example_dags/example_complex.py
[2022-09-23T23:35:41.086+0000] {processor.py:768} INFO - DAG(s) dict_keys(['example_complex']) retrieved from /home/airflow/.local/lib/python3.7/site-packages/airflow/example_dags/example_complex.py
[2022-09-23T23:35:41.148+0000] {logging_mixin.py:117} INFO - [2022-09-23T23:35:41.148+0000] {dag.py:2573} INFO - Sync 1 DAGs
[2022-09-23T23:35:41.184+0000] {logging_mixin.py:117} INFO - [2022-09-23T23:35:41.184+0000] {dag.py:3328} INFO - Setting next_dagrun for example_complex to None, run_after=None
[2022-09-23T23:35:41.237+0000] {processor.py:178} INFO - Processing /home/airflow/.local/lib/python3.7/site-packages/airflow/example_dags/example_complex.py took 0.184 seconds
[2022-09-23T23:36:12.167+0000] {processor.py:156} INFO - Started process (PID=989) to work on /home/airflow/.local/lib/python3.7/site-packages/airflow/example_dags/example_complex.py
[2022-09-23T23:36:12.464+0000] {processor.py:758} INFO - Processing file /home/airflow/.local/lib/python3.7/site-packages/airflow/example_dags/example_complex.py for tasks to queue
[2022-09-23T23:36:12.466+0000] {logging_mixin.py:117} INFO - [2022-09-23T23:36:12.466+0000] {dagbag.py:525} INFO - Filling up the DagBag from /home/airflow/.local/lib/python3.7/site-packages/airflow/example_dags/example_complex.py
[2022-09-23T23:36:12.516+0000] {processor.py:768} INFO - DAG(s) dict_keys(['example_complex']) retrieved from /home/airflow/.local/lib/python3.7/site-packages/airflow/example_dags/example_complex.py
[2022-09-23T23:36:12.602+0000] {logging_mixin.py:117} INFO - [2022-09-23T23:36:12.601+0000] {dag.py:2573} INFO - Sync 1 DAGs
[2022-09-23T23:36:12.651+0000] {logging_mixin.py:117} INFO - [2022-09-23T23:36:12.651+0000] {dag.py:3328} INFO - Setting next_dagrun for example_complex to None, run_after=None
[2022-09-23T23:36:13.061+0000] {processor.py:178} INFO - Processing /home/airflow/.local/lib/python3.7/site-packages/airflow/example_dags/example_complex.py took 0.899 seconds
[2022-09-23T23:36:43.990+0000] {processor.py:156} INFO - Started process (PID=1044) to work on /home/airflow/.local/lib/python3.7/site-packages/airflow/example_dags/example_complex.py
[2022-09-23T23:36:44.018+0000] {processor.py:758} INFO - Processing file /home/airflow/.local/lib/python3.7/site-packages/airflow/example_dags/example_complex.py for tasks to queue
[2022-09-23T23:36:44.019+0000] {logging_mixin.py:117} INFO - [2022-09-23T23:36:44.018+0000] {dagbag.py:525} INFO - Filling up the DagBag from /home/airflow/.local/lib/python3.7/site-packages/airflow/example_dags/example_complex.py
[2022-09-23T23:36:44.064+0000] {processor.py:768} INFO - DAG(s) dict_keys(['example_complex']) retrieved from /home/airflow/.local/lib/python3.7/site-packages/airflow/example_dags/example_complex.py
[2022-09-23T23:36:44.132+0000] {logging_mixin.py:117} INFO - [2022-09-23T23:36:44.132+0000] {dag.py:2573} INFO - Sync 1 DAGs
[2022-09-23T23:36:44.166+0000] {logging_mixin.py:117} INFO - [2022-09-23T23:36:44.166+0000] {dag.py:3328} INFO - Setting next_dagrun for example_complex to None, run_after=None
[2022-09-23T23:36:44.354+0000] {processor.py:178} INFO - Processing /home/airflow/.local/lib/python3.7/site-packages/airflow/example_dags/example_complex.py took 0.370 seconds
[2022-09-23T23:37:14.622+0000] {processor.py:156} INFO - Started process (PID=1103) to work on /home/airflow/.local/lib/python3.7/site-packages/airflow/example_dags/example_complex.py
[2022-09-23T23:37:14.698+0000] {processor.py:758} INFO - Processing file /home/airflow/.local/lib/python3.7/site-packages/airflow/example_dags/example_complex.py for tasks to queue
[2022-09-23T23:37:14.699+0000] {logging_mixin.py:117} INFO - [2022-09-23T23:37:14.699+0000] {dagbag.py:525} INFO - Filling up the DagBag from /home/airflow/.local/lib/python3.7/site-packages/airflow/example_dags/example_complex.py
[2022-09-23T23:37:14.808+0000] {processor.py:768} INFO - DAG(s) dict_keys(['example_complex']) retrieved from /home/airflow/.local/lib/python3.7/site-packages/airflow/example_dags/example_complex.py
[2022-09-23T23:37:14.878+0000] {logging_mixin.py:117} INFO - [2022-09-23T23:37:14.878+0000] {dag.py:2573} INFO - Sync 1 DAGs
[2022-09-23T23:37:14.925+0000] {logging_mixin.py:117} INFO - [2022-09-23T23:37:14.925+0000] {dag.py:3328} INFO - Setting next_dagrun for example_complex to None, run_after=None
[2022-09-23T23:37:15.095+0000] {processor.py:178} INFO - Processing /home/airflow/.local/lib/python3.7/site-packages/airflow/example_dags/example_complex.py took 0.476 seconds
[2022-09-23T23:37:45.328+0000] {processor.py:156} INFO - Started process (PID=1160) to work on /home/airflow/.local/lib/python3.7/site-packages/airflow/example_dags/example_complex.py
[2022-09-23T23:37:45.329+0000] {processor.py:758} INFO - Processing file /home/airflow/.local/lib/python3.7/site-packages/airflow/example_dags/example_complex.py for tasks to queue
[2022-09-23T23:37:45.330+0000] {logging_mixin.py:117} INFO - [2022-09-23T23:37:45.330+0000] {dagbag.py:525} INFO - Filling up the DagBag from /home/airflow/.local/lib/python3.7/site-packages/airflow/example_dags/example_complex.py
[2022-09-23T23:37:45.360+0000] {processor.py:768} INFO - DAG(s) dict_keys(['example_complex']) retrieved from /home/airflow/.local/lib/python3.7/site-packages/airflow/example_dags/example_complex.py
[2022-09-23T23:37:45.398+0000] {logging_mixin.py:117} INFO - [2022-09-23T23:37:45.398+0000] {dag.py:2573} INFO - Sync 1 DAGs
[2022-09-23T23:37:45.481+0000] {logging_mixin.py:117} INFO - [2022-09-23T23:37:45.481+0000] {dag.py:3328} INFO - Setting next_dagrun for example_complex to None, run_after=None
[2022-09-23T23:37:45.573+0000] {processor.py:178} INFO - Processing /home/airflow/.local/lib/python3.7/site-packages/airflow/example_dags/example_complex.py took 0.248 seconds
[2022-09-23T23:38:15.750+0000] {processor.py:156} INFO - Started process (PID=1214) to work on /home/airflow/.local/lib/python3.7/site-packages/airflow/example_dags/example_complex.py
[2022-09-23T23:38:15.771+0000] {processor.py:758} INFO - Processing file /home/airflow/.local/lib/python3.7/site-packages/airflow/example_dags/example_complex.py for tasks to queue
[2022-09-23T23:38:15.772+0000] {logging_mixin.py:117} INFO - [2022-09-23T23:38:15.772+0000] {dagbag.py:525} INFO - Filling up the DagBag from /home/airflow/.local/lib/python3.7/site-packages/airflow/example_dags/example_complex.py
[2022-09-23T23:38:15.804+0000] {processor.py:768} INFO - DAG(s) dict_keys(['example_complex']) retrieved from /home/airflow/.local/lib/python3.7/site-packages/airflow/example_dags/example_complex.py
[2022-09-23T23:38:15.888+0000] {logging_mixin.py:117} INFO - [2022-09-23T23:38:15.888+0000] {dag.py:2573} INFO - Sync 1 DAGs
[2022-09-23T23:38:15.937+0000] {logging_mixin.py:117} INFO - [2022-09-23T23:38:15.937+0000] {dag.py:3328} INFO - Setting next_dagrun for example_complex to None, run_after=None
[2022-09-23T23:38:16.019+0000] {processor.py:178} INFO - Processing /home/airflow/.local/lib/python3.7/site-packages/airflow/example_dags/example_complex.py took 0.273 seconds
[2022-09-23T23:38:46.309+0000] {processor.py:156} INFO - Started process (PID=1277) to work on /home/airflow/.local/lib/python3.7/site-packages/airflow/example_dags/example_complex.py
[2022-09-23T23:38:46.318+0000] {processor.py:758} INFO - Processing file /home/airflow/.local/lib/python3.7/site-packages/airflow/example_dags/example_complex.py for tasks to queue
[2022-09-23T23:38:46.320+0000] {logging_mixin.py:117} INFO - [2022-09-23T23:38:46.319+0000] {dagbag.py:525} INFO - Filling up the DagBag from /home/airflow/.local/lib/python3.7/site-packages/airflow/example_dags/example_complex.py
[2022-09-23T23:38:46.363+0000] {processor.py:768} INFO - DAG(s) dict_keys(['example_complex']) retrieved from /home/airflow/.local/lib/python3.7/site-packages/airflow/example_dags/example_complex.py
[2022-09-23T23:38:46.433+0000] {logging_mixin.py:117} INFO - [2022-09-23T23:38:46.432+0000] {dag.py:2573} INFO - Sync 1 DAGs
[2022-09-23T23:38:46.470+0000] {logging_mixin.py:117} INFO - [2022-09-23T23:38:46.469+0000] {dag.py:3328} INFO - Setting next_dagrun for example_complex to None, run_after=None
[2022-09-23T23:38:46.506+0000] {processor.py:178} INFO - Processing /home/airflow/.local/lib/python3.7/site-packages/airflow/example_dags/example_complex.py took 0.201 seconds
[2022-09-23T23:39:16.726+0000] {processor.py:156} INFO - Started process (PID=1331) to work on /home/airflow/.local/lib/python3.7/site-packages/airflow/example_dags/example_complex.py
[2022-09-23T23:39:16.727+0000] {processor.py:758} INFO - Processing file /home/airflow/.local/lib/python3.7/site-packages/airflow/example_dags/example_complex.py for tasks to queue
[2022-09-23T23:39:16.728+0000] {logging_mixin.py:117} INFO - [2022-09-23T23:39:16.728+0000] {dagbag.py:525} INFO - Filling up the DagBag from /home/airflow/.local/lib/python3.7/site-packages/airflow/example_dags/example_complex.py
[2022-09-23T23:39:16.771+0000] {processor.py:768} INFO - DAG(s) dict_keys(['example_complex']) retrieved from /home/airflow/.local/lib/python3.7/site-packages/airflow/example_dags/example_complex.py
[2022-09-23T23:39:16.847+0000] {logging_mixin.py:117} INFO - [2022-09-23T23:39:16.847+0000] {dag.py:2573} INFO - Sync 1 DAGs
[2022-09-23T23:39:16.954+0000] {logging_mixin.py:117} INFO - [2022-09-23T23:39:16.954+0000] {dag.py:3328} INFO - Setting next_dagrun for example_complex to None, run_after=None
[2022-09-23T23:39:17.208+0000] {processor.py:178} INFO - Processing /home/airflow/.local/lib/python3.7/site-packages/airflow/example_dags/example_complex.py took 0.487 seconds
[2022-09-23T23:39:47.629+0000] {processor.py:156} INFO - Started process (PID=1394) to work on /home/airflow/.local/lib/python3.7/site-packages/airflow/example_dags/example_complex.py
[2022-09-23T23:39:47.669+0000] {processor.py:758} INFO - Processing file /home/airflow/.local/lib/python3.7/site-packages/airflow/example_dags/example_complex.py for tasks to queue
[2022-09-23T23:39:47.671+0000] {logging_mixin.py:117} INFO - [2022-09-23T23:39:47.670+0000] {dagbag.py:525} INFO - Filling up the DagBag from /home/airflow/.local/lib/python3.7/site-packages/airflow/example_dags/example_complex.py
[2022-09-23T23:39:47.705+0000] {processor.py:768} INFO - DAG(s) dict_keys(['example_complex']) retrieved from /home/airflow/.local/lib/python3.7/site-packages/airflow/example_dags/example_complex.py
[2022-09-23T23:39:47.786+0000] {logging_mixin.py:117} INFO - [2022-09-23T23:39:47.786+0000] {dag.py:2573} INFO - Sync 1 DAGs
[2022-09-23T23:39:47.822+0000] {logging_mixin.py:117} INFO - [2022-09-23T23:39:47.822+0000] {dag.py:3328} INFO - Setting next_dagrun for example_complex to None, run_after=None
[2022-09-23T23:39:47.860+0000] {processor.py:178} INFO - Processing /home/airflow/.local/lib/python3.7/site-packages/airflow/example_dags/example_complex.py took 0.235 seconds
[2022-09-23T23:40:18.774+0000] {processor.py:156} INFO - Started process (PID=1448) to work on /home/airflow/.local/lib/python3.7/site-packages/airflow/example_dags/example_complex.py
[2022-09-23T23:40:18.775+0000] {processor.py:758} INFO - Processing file /home/airflow/.local/lib/python3.7/site-packages/airflow/example_dags/example_complex.py for tasks to queue
[2022-09-23T23:40:18.776+0000] {logging_mixin.py:117} INFO - [2022-09-23T23:40:18.775+0000] {dagbag.py:525} INFO - Filling up the DagBag from /home/airflow/.local/lib/python3.7/site-packages/airflow/example_dags/example_complex.py
[2022-09-23T23:40:18.803+0000] {processor.py:768} INFO - DAG(s) dict_keys(['example_complex']) retrieved from /home/airflow/.local/lib/python3.7/site-packages/airflow/example_dags/example_complex.py
[2022-09-23T23:40:18.864+0000] {logging_mixin.py:117} INFO - [2022-09-23T23:40:18.864+0000] {dag.py:2573} INFO - Sync 1 DAGs
[2022-09-23T23:40:18.898+0000] {logging_mixin.py:117} INFO - [2022-09-23T23:40:18.898+0000] {dag.py:3328} INFO - Setting next_dagrun for example_complex to None, run_after=None
[2022-09-23T23:40:19.052+0000] {processor.py:178} INFO - Processing /home/airflow/.local/lib/python3.7/site-packages/airflow/example_dags/example_complex.py took 0.283 seconds
[2022-09-23T23:40:49.198+0000] {processor.py:156} INFO - Started process (PID=1510) to work on /home/airflow/.local/lib/python3.7/site-packages/airflow/example_dags/example_complex.py
[2022-09-23T23:40:49.199+0000] {processor.py:758} INFO - Processing file /home/airflow/.local/lib/python3.7/site-packages/airflow/example_dags/example_complex.py for tasks to queue
[2022-09-23T23:40:49.199+0000] {logging_mixin.py:117} INFO - [2022-09-23T23:40:49.199+0000] {dagbag.py:525} INFO - Filling up the DagBag from /home/airflow/.local/lib/python3.7/site-packages/airflow/example_dags/example_complex.py
[2022-09-23T23:40:49.227+0000] {processor.py:768} INFO - DAG(s) dict_keys(['example_complex']) retrieved from /home/airflow/.local/lib/python3.7/site-packages/airflow/example_dags/example_complex.py
[2022-09-23T23:40:49.298+0000] {logging_mixin.py:117} INFO - [2022-09-23T23:40:49.298+0000] {dag.py:2573} INFO - Sync 1 DAGs
[2022-09-23T23:40:49.371+0000] {logging_mixin.py:117} INFO - [2022-09-23T23:40:49.371+0000] {dag.py:3328} INFO - Setting next_dagrun for example_complex to None, run_after=None
[2022-09-23T23:40:49.547+0000] {processor.py:178} INFO - Processing /home/airflow/.local/lib/python3.7/site-packages/airflow/example_dags/example_complex.py took 0.353 seconds
[2022-09-23T23:41:20.098+0000] {processor.py:156} INFO - Started process (PID=1574) to work on /home/airflow/.local/lib/python3.7/site-packages/airflow/example_dags/example_complex.py
[2022-09-23T23:41:20.267+0000] {processor.py:758} INFO - Processing file /home/airflow/.local/lib/python3.7/site-packages/airflow/example_dags/example_complex.py for tasks to queue
[2022-09-23T23:41:20.267+0000] {logging_mixin.py:117} INFO - [2022-09-23T23:41:20.267+0000] {dagbag.py:525} INFO - Filling up the DagBag from /home/airflow/.local/lib/python3.7/site-packages/airflow/example_dags/example_complex.py
[2022-09-23T23:41:20.295+0000] {processor.py:768} INFO - DAG(s) dict_keys(['example_complex']) retrieved from /home/airflow/.local/lib/python3.7/site-packages/airflow/example_dags/example_complex.py
[2022-09-23T23:41:20.368+0000] {logging_mixin.py:117} INFO - [2022-09-23T23:41:20.367+0000] {dag.py:2573} INFO - Sync 1 DAGs
[2022-09-23T23:41:20.413+0000] {logging_mixin.py:117} INFO - [2022-09-23T23:41:20.413+0000] {dag.py:3328} INFO - Setting next_dagrun for example_complex to None, run_after=None
[2022-09-23T23:41:20.466+0000] {processor.py:178} INFO - Processing /home/airflow/.local/lib/python3.7/site-packages/airflow/example_dags/example_complex.py took 0.372 seconds
[2022-09-23T23:41:50.560+0000] {processor.py:156} INFO - Started process (PID=1628) to work on /home/airflow/.local/lib/python3.7/site-packages/airflow/example_dags/example_complex.py
[2022-09-23T23:41:50.561+0000] {processor.py:758} INFO - Processing file /home/airflow/.local/lib/python3.7/site-packages/airflow/example_dags/example_complex.py for tasks to queue
[2022-09-23T23:41:50.561+0000] {logging_mixin.py:117} INFO - [2022-09-23T23:41:50.561+0000] {dagbag.py:525} INFO - Filling up the DagBag from /home/airflow/.local/lib/python3.7/site-packages/airflow/example_dags/example_complex.py
[2022-09-23T23:41:50.592+0000] {processor.py:768} INFO - DAG(s) dict_keys(['example_complex']) retrieved from /home/airflow/.local/lib/python3.7/site-packages/airflow/example_dags/example_complex.py
[2022-09-23T23:41:50.663+0000] {logging_mixin.py:117} INFO - [2022-09-23T23:41:50.663+0000] {dag.py:2573} INFO - Sync 1 DAGs
[2022-09-23T23:41:50.698+0000] {logging_mixin.py:117} INFO - [2022-09-23T23:41:50.698+0000] {dag.py:3328} INFO - Setting next_dagrun for example_complex to None, run_after=None
[2022-09-23T23:41:50.736+0000] {processor.py:178} INFO - Processing /home/airflow/.local/lib/python3.7/site-packages/airflow/example_dags/example_complex.py took 0.180 seconds
[2022-09-23T23:42:23.780+0000] {processor.py:156} INFO - Started process (PID=1691) to work on /home/airflow/.local/lib/python3.7/site-packages/airflow/example_dags/example_complex.py
[2022-09-23T23:42:27.040+0000] {processor.py:758} INFO - Processing file /home/airflow/.local/lib/python3.7/site-packages/airflow/example_dags/example_complex.py for tasks to queue
[2022-09-23T23:42:27.044+0000] {logging_mixin.py:117} INFO - [2022-09-23T23:42:27.043+0000] {dagbag.py:525} INFO - Filling up the DagBag from /home/airflow/.local/lib/python3.7/site-packages/airflow/example_dags/example_complex.py
[2022-09-23T23:42:27.077+0000] {processor.py:768} INFO - DAG(s) dict_keys(['example_complex']) retrieved from /home/airflow/.local/lib/python3.7/site-packages/airflow/example_dags/example_complex.py
[2022-09-23T23:42:27.139+0000] {logging_mixin.py:117} INFO - [2022-09-23T23:42:27.139+0000] {dag.py:2573} INFO - Sync 1 DAGs
[2022-09-23T23:42:27.173+0000] {logging_mixin.py:117} INFO - [2022-09-23T23:42:27.173+0000] {dag.py:3328} INFO - Setting next_dagrun for example_complex to None, run_after=None
[2022-09-23T23:42:27.827+0000] {processor.py:178} INFO - Processing /home/airflow/.local/lib/python3.7/site-packages/airflow/example_dags/example_complex.py took 4.054 seconds
[2022-09-23T23:42:58.497+0000] {processor.py:156} INFO - Started process (PID=1746) to work on /home/airflow/.local/lib/python3.7/site-packages/airflow/example_dags/example_complex.py
[2022-09-23T23:42:58.498+0000] {processor.py:758} INFO - Processing file /home/airflow/.local/lib/python3.7/site-packages/airflow/example_dags/example_complex.py for tasks to queue
[2022-09-23T23:42:58.499+0000] {logging_mixin.py:117} INFO - [2022-09-23T23:42:58.499+0000] {dagbag.py:525} INFO - Filling up the DagBag from /home/airflow/.local/lib/python3.7/site-packages/airflow/example_dags/example_complex.py
[2022-09-23T23:42:58.541+0000] {processor.py:768} INFO - DAG(s) dict_keys(['example_complex']) retrieved from /home/airflow/.local/lib/python3.7/site-packages/airflow/example_dags/example_complex.py
[2022-09-23T23:42:58.628+0000] {logging_mixin.py:117} INFO - [2022-09-23T23:42:58.628+0000] {dag.py:2573} INFO - Sync 1 DAGs
[2022-09-23T23:42:58.693+0000] {logging_mixin.py:117} INFO - [2022-09-23T23:42:58.693+0000] {dag.py:3328} INFO - Setting next_dagrun for example_complex to None, run_after=None
[2022-09-23T23:42:58.921+0000] {processor.py:178} INFO - Processing /home/airflow/.local/lib/python3.7/site-packages/airflow/example_dags/example_complex.py took 0.429 seconds
[2022-09-23T23:43:29.079+0000] {processor.py:156} INFO - Started process (PID=1811) to work on /home/airflow/.local/lib/python3.7/site-packages/airflow/example_dags/example_complex.py
[2022-09-23T23:43:29.135+0000] {processor.py:758} INFO - Processing file /home/airflow/.local/lib/python3.7/site-packages/airflow/example_dags/example_complex.py for tasks to queue
[2022-09-23T23:43:29.136+0000] {logging_mixin.py:117} INFO - [2022-09-23T23:43:29.136+0000] {dagbag.py:525} INFO - Filling up the DagBag from /home/airflow/.local/lib/python3.7/site-packages/airflow/example_dags/example_complex.py
[2022-09-23T23:43:29.178+0000] {processor.py:768} INFO - DAG(s) dict_keys(['example_complex']) retrieved from /home/airflow/.local/lib/python3.7/site-packages/airflow/example_dags/example_complex.py
[2022-09-23T23:43:29.254+0000] {logging_mixin.py:117} INFO - [2022-09-23T23:43:29.254+0000] {dag.py:2573} INFO - Sync 1 DAGs
[2022-09-23T23:43:29.286+0000] {logging_mixin.py:117} INFO - [2022-09-23T23:43:29.285+0000] {dag.py:3328} INFO - Setting next_dagrun for example_complex to None, run_after=None
[2022-09-23T23:43:29.436+0000] {processor.py:178} INFO - Processing /home/airflow/.local/lib/python3.7/site-packages/airflow/example_dags/example_complex.py took 0.363 seconds
[2022-09-23T23:43:59.829+0000] {processor.py:156} INFO - Started process (PID=1865) to work on /home/airflow/.local/lib/python3.7/site-packages/airflow/example_dags/example_complex.py
[2022-09-23T23:43:59.905+0000] {processor.py:758} INFO - Processing file /home/airflow/.local/lib/python3.7/site-packages/airflow/example_dags/example_complex.py for tasks to queue
[2022-09-23T23:43:59.906+0000] {logging_mixin.py:117} INFO - [2022-09-23T23:43:59.905+0000] {dagbag.py:525} INFO - Filling up the DagBag from /home/airflow/.local/lib/python3.7/site-packages/airflow/example_dags/example_complex.py
[2022-09-23T23:43:59.947+0000] {processor.py:768} INFO - DAG(s) dict_keys(['example_complex']) retrieved from /home/airflow/.local/lib/python3.7/site-packages/airflow/example_dags/example_complex.py
[2022-09-23T23:44:00.031+0000] {logging_mixin.py:117} INFO - [2022-09-23T23:44:00.031+0000] {dag.py:2573} INFO - Sync 1 DAGs
[2022-09-23T23:44:00.069+0000] {logging_mixin.py:117} INFO - [2022-09-23T23:44:00.069+0000] {dag.py:3328} INFO - Setting next_dagrun for example_complex to None, run_after=None
[2022-09-23T23:44:01.119+0000] {processor.py:178} INFO - Processing /home/airflow/.local/lib/python3.7/site-packages/airflow/example_dags/example_complex.py took 1.296 seconds
[2022-09-23T23:44:31.816+0000] {processor.py:156} INFO - Started process (PID=1919) to work on /home/airflow/.local/lib/python3.7/site-packages/airflow/example_dags/example_complex.py
[2022-09-23T23:44:31.896+0000] {processor.py:758} INFO - Processing file /home/airflow/.local/lib/python3.7/site-packages/airflow/example_dags/example_complex.py for tasks to queue
[2022-09-23T23:44:31.898+0000] {logging_mixin.py:117} INFO - [2022-09-23T23:44:31.897+0000] {dagbag.py:525} INFO - Filling up the DagBag from /home/airflow/.local/lib/python3.7/site-packages/airflow/example_dags/example_complex.py
[2022-09-23T23:44:31.929+0000] {processor.py:768} INFO - DAG(s) dict_keys(['example_complex']) retrieved from /home/airflow/.local/lib/python3.7/site-packages/airflow/example_dags/example_complex.py
[2022-09-23T23:44:32.021+0000] {logging_mixin.py:117} INFO - [2022-09-23T23:44:32.021+0000] {dag.py:2573} INFO - Sync 1 DAGs
[2022-09-23T23:44:32.074+0000] {logging_mixin.py:117} INFO - [2022-09-23T23:44:32.074+0000] {dag.py:3328} INFO - Setting next_dagrun for example_complex to None, run_after=None
[2022-09-23T23:44:32.220+0000] {processor.py:178} INFO - Processing /home/airflow/.local/lib/python3.7/site-packages/airflow/example_dags/example_complex.py took 0.408 seconds
[2022-09-23T23:45:02.379+0000] {processor.py:156} INFO - Started process (PID=1984) to work on /home/airflow/.local/lib/python3.7/site-packages/airflow/example_dags/example_complex.py
[2022-09-23T23:45:02.380+0000] {processor.py:758} INFO - Processing file /home/airflow/.local/lib/python3.7/site-packages/airflow/example_dags/example_complex.py for tasks to queue
[2022-09-23T23:45:02.381+0000] {logging_mixin.py:117} INFO - [2022-09-23T23:45:02.381+0000] {dagbag.py:525} INFO - Filling up the DagBag from /home/airflow/.local/lib/python3.7/site-packages/airflow/example_dags/example_complex.py
[2022-09-23T23:45:02.427+0000] {processor.py:768} INFO - DAG(s) dict_keys(['example_complex']) retrieved from /home/airflow/.local/lib/python3.7/site-packages/airflow/example_dags/example_complex.py
[2022-09-23T23:45:02.507+0000] {logging_mixin.py:117} INFO - [2022-09-23T23:45:02.507+0000] {dag.py:2573} INFO - Sync 1 DAGs
[2022-09-23T23:45:02.553+0000] {logging_mixin.py:117} INFO - [2022-09-23T23:45:02.552+0000] {dag.py:3328} INFO - Setting next_dagrun for example_complex to None, run_after=None
[2022-09-23T23:45:02.719+0000] {processor.py:178} INFO - Processing /home/airflow/.local/lib/python3.7/site-packages/airflow/example_dags/example_complex.py took 0.345 seconds
[2022-09-23T23:45:32.885+0000] {processor.py:156} INFO - Started process (PID=2037) to work on /home/airflow/.local/lib/python3.7/site-packages/airflow/example_dags/example_complex.py
[2022-09-23T23:45:32.911+0000] {processor.py:758} INFO - Processing file /home/airflow/.local/lib/python3.7/site-packages/airflow/example_dags/example_complex.py for tasks to queue
[2022-09-23T23:45:32.913+0000] {logging_mixin.py:117} INFO - [2022-09-23T23:45:32.912+0000] {dagbag.py:525} INFO - Filling up the DagBag from /home/airflow/.local/lib/python3.7/site-packages/airflow/example_dags/example_complex.py
[2022-09-23T23:45:32.945+0000] {processor.py:768} INFO - DAG(s) dict_keys(['example_complex']) retrieved from /home/airflow/.local/lib/python3.7/site-packages/airflow/example_dags/example_complex.py
[2022-09-23T23:45:33.020+0000] {logging_mixin.py:117} INFO - [2022-09-23T23:45:33.020+0000] {dag.py:2573} INFO - Sync 1 DAGs
[2022-09-23T23:45:33.063+0000] {logging_mixin.py:117} INFO - [2022-09-23T23:45:33.063+0000] {dag.py:3328} INFO - Setting next_dagrun for example_complex to None, run_after=None
[2022-09-23T23:45:33.274+0000] {processor.py:178} INFO - Processing /home/airflow/.local/lib/python3.7/site-packages/airflow/example_dags/example_complex.py took 0.394 seconds
[2022-09-23T23:46:03.590+0000] {processor.py:156} INFO - Started process (PID=2100) to work on /home/airflow/.local/lib/python3.7/site-packages/airflow/example_dags/example_complex.py
[2022-09-23T23:46:03.591+0000] {processor.py:758} INFO - Processing file /home/airflow/.local/lib/python3.7/site-packages/airflow/example_dags/example_complex.py for tasks to queue
[2022-09-23T23:46:03.592+0000] {logging_mixin.py:117} INFO - [2022-09-23T23:46:03.592+0000] {dagbag.py:525} INFO - Filling up the DagBag from /home/airflow/.local/lib/python3.7/site-packages/airflow/example_dags/example_complex.py
[2022-09-23T23:46:03.623+0000] {processor.py:768} INFO - DAG(s) dict_keys(['example_complex']) retrieved from /home/airflow/.local/lib/python3.7/site-packages/airflow/example_dags/example_complex.py
[2022-09-23T23:46:03.690+0000] {logging_mixin.py:117} INFO - [2022-09-23T23:46:03.690+0000] {dag.py:2573} INFO - Sync 1 DAGs
[2022-09-23T23:46:03.732+0000] {logging_mixin.py:117} INFO - [2022-09-23T23:46:03.731+0000] {dag.py:3328} INFO - Setting next_dagrun for example_complex to None, run_after=None
[2022-09-23T23:46:03.888+0000] {processor.py:178} INFO - Processing /home/airflow/.local/lib/python3.7/site-packages/airflow/example_dags/example_complex.py took 0.303 seconds
[2022-09-23T23:46:34.282+0000] {processor.py:156} INFO - Started process (PID=2163) to work on /home/airflow/.local/lib/python3.7/site-packages/airflow/example_dags/example_complex.py
[2022-09-23T23:46:34.299+0000] {processor.py:758} INFO - Processing file /home/airflow/.local/lib/python3.7/site-packages/airflow/example_dags/example_complex.py for tasks to queue
[2022-09-23T23:46:34.299+0000] {logging_mixin.py:117} INFO - [2022-09-23T23:46:34.299+0000] {dagbag.py:525} INFO - Filling up the DagBag from /home/airflow/.local/lib/python3.7/site-packages/airflow/example_dags/example_complex.py
[2022-09-23T23:46:34.327+0000] {processor.py:768} INFO - DAG(s) dict_keys(['example_complex']) retrieved from /home/airflow/.local/lib/python3.7/site-packages/airflow/example_dags/example_complex.py
[2022-09-23T23:46:34.386+0000] {logging_mixin.py:117} INFO - [2022-09-23T23:46:34.386+0000] {dag.py:2573} INFO - Sync 1 DAGs
[2022-09-23T23:46:34.422+0000] {logging_mixin.py:117} INFO - [2022-09-23T23:46:34.422+0000] {dag.py:3328} INFO - Setting next_dagrun for example_complex to None, run_after=None
[2022-09-23T23:46:34.590+0000] {processor.py:178} INFO - Processing /home/airflow/.local/lib/python3.7/site-packages/airflow/example_dags/example_complex.py took 0.313 seconds
[2022-09-23T23:47:04.704+0000] {processor.py:156} INFO - Started process (PID=2216) to work on /home/airflow/.local/lib/python3.7/site-packages/airflow/example_dags/example_complex.py
[2022-09-23T23:47:04.705+0000] {processor.py:758} INFO - Processing file /home/airflow/.local/lib/python3.7/site-packages/airflow/example_dags/example_complex.py for tasks to queue
[2022-09-23T23:47:04.706+0000] {logging_mixin.py:117} INFO - [2022-09-23T23:47:04.706+0000] {dagbag.py:525} INFO - Filling up the DagBag from /home/airflow/.local/lib/python3.7/site-packages/airflow/example_dags/example_complex.py
[2022-09-23T23:47:04.741+0000] {processor.py:768} INFO - DAG(s) dict_keys(['example_complex']) retrieved from /home/airflow/.local/lib/python3.7/site-packages/airflow/example_dags/example_complex.py
[2022-09-23T23:47:04.802+0000] {logging_mixin.py:117} INFO - [2022-09-23T23:47:04.801+0000] {dag.py:2573} INFO - Sync 1 DAGs
[2022-09-23T23:47:04.836+0000] {logging_mixin.py:117} INFO - [2022-09-23T23:47:04.836+0000] {dag.py:3328} INFO - Setting next_dagrun for example_complex to None, run_after=None
[2022-09-23T23:47:04.938+0000] {processor.py:178} INFO - Processing /home/airflow/.local/lib/python3.7/site-packages/airflow/example_dags/example_complex.py took 0.239 seconds
[2022-09-23T23:47:35.001+0000] {processor.py:156} INFO - Started process (PID=2279) to work on /home/airflow/.local/lib/python3.7/site-packages/airflow/example_dags/example_complex.py
[2022-09-23T23:47:35.002+0000] {processor.py:758} INFO - Processing file /home/airflow/.local/lib/python3.7/site-packages/airflow/example_dags/example_complex.py for tasks to queue
[2022-09-23T23:47:35.003+0000] {logging_mixin.py:117} INFO - [2022-09-23T23:47:35.003+0000] {dagbag.py:525} INFO - Filling up the DagBag from /home/airflow/.local/lib/python3.7/site-packages/airflow/example_dags/example_complex.py
[2022-09-23T23:47:35.030+0000] {processor.py:768} INFO - DAG(s) dict_keys(['example_complex']) retrieved from /home/airflow/.local/lib/python3.7/site-packages/airflow/example_dags/example_complex.py
[2022-09-23T23:47:35.092+0000] {logging_mixin.py:117} INFO - [2022-09-23T23:47:35.092+0000] {dag.py:2573} INFO - Sync 1 DAGs
[2022-09-23T23:47:35.126+0000] {logging_mixin.py:117} INFO - [2022-09-23T23:47:35.126+0000] {dag.py:3328} INFO - Setting next_dagrun for example_complex to None, run_after=None
[2022-09-23T23:47:35.254+0000] {processor.py:178} INFO - Processing /home/airflow/.local/lib/python3.7/site-packages/airflow/example_dags/example_complex.py took 0.260 seconds
[2022-09-23T23:48:05.532+0000] {processor.py:156} INFO - Started process (PID=2333) to work on /home/airflow/.local/lib/python3.7/site-packages/airflow/example_dags/example_complex.py
[2022-09-23T23:48:05.544+0000] {processor.py:758} INFO - Processing file /home/airflow/.local/lib/python3.7/site-packages/airflow/example_dags/example_complex.py for tasks to queue
[2022-09-23T23:48:05.545+0000] {logging_mixin.py:117} INFO - [2022-09-23T23:48:05.545+0000] {dagbag.py:525} INFO - Filling up the DagBag from /home/airflow/.local/lib/python3.7/site-packages/airflow/example_dags/example_complex.py
[2022-09-23T23:48:05.574+0000] {processor.py:768} INFO - DAG(s) dict_keys(['example_complex']) retrieved from /home/airflow/.local/lib/python3.7/site-packages/airflow/example_dags/example_complex.py
[2022-09-23T23:48:05.635+0000] {logging_mixin.py:117} INFO - [2022-09-23T23:48:05.634+0000] {dag.py:2573} INFO - Sync 1 DAGs
[2022-09-23T23:48:05.672+0000] {logging_mixin.py:117} INFO - [2022-09-23T23:48:05.671+0000] {dag.py:3328} INFO - Setting next_dagrun for example_complex to None, run_after=None
[2022-09-23T23:48:05.828+0000] {processor.py:178} INFO - Processing /home/airflow/.local/lib/python3.7/site-packages/airflow/example_dags/example_complex.py took 0.302 seconds
[2022-09-23T23:48:36.137+0000] {processor.py:156} INFO - Started process (PID=2395) to work on /home/airflow/.local/lib/python3.7/site-packages/airflow/example_dags/example_complex.py
[2022-09-23T23:48:36.138+0000] {processor.py:758} INFO - Processing file /home/airflow/.local/lib/python3.7/site-packages/airflow/example_dags/example_complex.py for tasks to queue
[2022-09-23T23:48:36.139+0000] {logging_mixin.py:117} INFO - [2022-09-23T23:48:36.139+0000] {dagbag.py:525} INFO - Filling up the DagBag from /home/airflow/.local/lib/python3.7/site-packages/airflow/example_dags/example_complex.py
[2022-09-23T23:48:36.166+0000] {processor.py:768} INFO - DAG(s) dict_keys(['example_complex']) retrieved from /home/airflow/.local/lib/python3.7/site-packages/airflow/example_dags/example_complex.py
[2022-09-23T23:48:36.232+0000] {logging_mixin.py:117} INFO - [2022-09-23T23:48:36.232+0000] {dag.py:2573} INFO - Sync 1 DAGs
[2022-09-23T23:48:36.270+0000] {logging_mixin.py:117} INFO - [2022-09-23T23:48:36.270+0000] {dag.py:3328} INFO - Setting next_dagrun for example_complex to None, run_after=None
[2022-09-23T23:48:36.332+0000] {processor.py:178} INFO - Processing /home/airflow/.local/lib/python3.7/site-packages/airflow/example_dags/example_complex.py took 0.200 seconds
[2022-09-23T23:49:06.529+0000] {processor.py:156} INFO - Started process (PID=2449) to work on /home/airflow/.local/lib/python3.7/site-packages/airflow/example_dags/example_complex.py
[2022-09-23T23:49:06.561+0000] {processor.py:758} INFO - Processing file /home/airflow/.local/lib/python3.7/site-packages/airflow/example_dags/example_complex.py for tasks to queue
[2022-09-23T23:49:06.563+0000] {logging_mixin.py:117} INFO - [2022-09-23T23:49:06.562+0000] {dagbag.py:525} INFO - Filling up the DagBag from /home/airflow/.local/lib/python3.7/site-packages/airflow/example_dags/example_complex.py
[2022-09-23T23:49:06.596+0000] {processor.py:768} INFO - DAG(s) dict_keys(['example_complex']) retrieved from /home/airflow/.local/lib/python3.7/site-packages/airflow/example_dags/example_complex.py
[2022-09-23T23:49:06.671+0000] {logging_mixin.py:117} INFO - [2022-09-23T23:49:06.671+0000] {dag.py:2573} INFO - Sync 1 DAGs
[2022-09-23T23:49:06.711+0000] {logging_mixin.py:117} INFO - [2022-09-23T23:49:06.711+0000] {dag.py:3328} INFO - Setting next_dagrun for example_complex to None, run_after=None
[2022-09-23T23:49:06.777+0000] {processor.py:178} INFO - Processing /home/airflow/.local/lib/python3.7/site-packages/airflow/example_dags/example_complex.py took 0.253 seconds
[2022-09-23T23:49:37.329+0000] {processor.py:156} INFO - Started process (PID=2512) to work on /home/airflow/.local/lib/python3.7/site-packages/airflow/example_dags/example_complex.py
[2022-09-23T23:49:37.330+0000] {processor.py:758} INFO - Processing file /home/airflow/.local/lib/python3.7/site-packages/airflow/example_dags/example_complex.py for tasks to queue
[2022-09-23T23:49:37.331+0000] {logging_mixin.py:117} INFO - [2022-09-23T23:49:37.331+0000] {dagbag.py:525} INFO - Filling up the DagBag from /home/airflow/.local/lib/python3.7/site-packages/airflow/example_dags/example_complex.py
[2022-09-23T23:49:37.359+0000] {processor.py:768} INFO - DAG(s) dict_keys(['example_complex']) retrieved from /home/airflow/.local/lib/python3.7/site-packages/airflow/example_dags/example_complex.py
[2022-09-23T23:49:37.423+0000] {logging_mixin.py:117} INFO - [2022-09-23T23:49:37.423+0000] {dag.py:2573} INFO - Sync 1 DAGs
[2022-09-23T23:49:37.458+0000] {logging_mixin.py:117} INFO - [2022-09-23T23:49:37.458+0000] {dag.py:3328} INFO - Setting next_dagrun for example_complex to None, run_after=None
[2022-09-23T23:49:37.519+0000] {processor.py:178} INFO - Processing /home/airflow/.local/lib/python3.7/site-packages/airflow/example_dags/example_complex.py took 0.195 seconds
[2022-09-23T23:50:08.373+0000] {processor.py:156} INFO - Started process (PID=2567) to work on /home/airflow/.local/lib/python3.7/site-packages/airflow/example_dags/example_complex.py
[2022-09-23T23:50:08.381+0000] {processor.py:758} INFO - Processing file /home/airflow/.local/lib/python3.7/site-packages/airflow/example_dags/example_complex.py for tasks to queue
[2022-09-23T23:50:08.381+0000] {logging_mixin.py:117} INFO - [2022-09-23T23:50:08.381+0000] {dagbag.py:525} INFO - Filling up the DagBag from /home/airflow/.local/lib/python3.7/site-packages/airflow/example_dags/example_complex.py
[2022-09-23T23:50:08.410+0000] {processor.py:768} INFO - DAG(s) dict_keys(['example_complex']) retrieved from /home/airflow/.local/lib/python3.7/site-packages/airflow/example_dags/example_complex.py
[2022-09-23T23:50:08.472+0000] {logging_mixin.py:117} INFO - [2022-09-23T23:50:08.471+0000] {dag.py:2573} INFO - Sync 1 DAGs
[2022-09-23T23:50:08.504+0000] {logging_mixin.py:117} INFO - [2022-09-23T23:50:08.504+0000] {dag.py:3328} INFO - Setting next_dagrun for example_complex to None, run_after=None
[2022-09-23T23:50:08.633+0000] {processor.py:178} INFO - Processing /home/airflow/.local/lib/python3.7/site-packages/airflow/example_dags/example_complex.py took 0.264 seconds
[2022-09-23T23:50:38.735+0000] {processor.py:156} INFO - Started process (PID=2630) to work on /home/airflow/.local/lib/python3.7/site-packages/airflow/example_dags/example_complex.py
[2022-09-23T23:50:38.736+0000] {processor.py:758} INFO - Processing file /home/airflow/.local/lib/python3.7/site-packages/airflow/example_dags/example_complex.py for tasks to queue
[2022-09-23T23:50:38.737+0000] {logging_mixin.py:117} INFO - [2022-09-23T23:50:38.737+0000] {dagbag.py:525} INFO - Filling up the DagBag from /home/airflow/.local/lib/python3.7/site-packages/airflow/example_dags/example_complex.py
[2022-09-23T23:50:38.777+0000] {processor.py:768} INFO - DAG(s) dict_keys(['example_complex']) retrieved from /home/airflow/.local/lib/python3.7/site-packages/airflow/example_dags/example_complex.py
[2022-09-23T23:50:38.845+0000] {logging_mixin.py:117} INFO - [2022-09-23T23:50:38.845+0000] {dag.py:2573} INFO - Sync 1 DAGs
[2022-09-23T23:50:38.880+0000] {logging_mixin.py:117} INFO - [2022-09-23T23:50:38.880+0000] {dag.py:3328} INFO - Setting next_dagrun for example_complex to None, run_after=None
[2022-09-23T23:50:38.946+0000] {processor.py:178} INFO - Processing /home/airflow/.local/lib/python3.7/site-packages/airflow/example_dags/example_complex.py took 0.217 seconds
[2022-09-23T23:51:09.189+0000] {processor.py:156} INFO - Started process (PID=2693) to work on /home/airflow/.local/lib/python3.7/site-packages/airflow/example_dags/example_complex.py
[2022-09-23T23:51:09.297+0000] {processor.py:758} INFO - Processing file /home/airflow/.local/lib/python3.7/site-packages/airflow/example_dags/example_complex.py for tasks to queue
[2022-09-23T23:51:09.298+0000] {logging_mixin.py:117} INFO - [2022-09-23T23:51:09.298+0000] {dagbag.py:525} INFO - Filling up the DagBag from /home/airflow/.local/lib/python3.7/site-packages/airflow/example_dags/example_complex.py
[2022-09-23T23:51:09.331+0000] {processor.py:768} INFO - DAG(s) dict_keys(['example_complex']) retrieved from /home/airflow/.local/lib/python3.7/site-packages/airflow/example_dags/example_complex.py
[2022-09-23T23:51:09.390+0000] {logging_mixin.py:117} INFO - [2022-09-23T23:51:09.389+0000] {dag.py:2573} INFO - Sync 1 DAGs
[2022-09-23T23:51:09.429+0000] {logging_mixin.py:117} INFO - [2022-09-23T23:51:09.429+0000] {dag.py:3328} INFO - Setting next_dagrun for example_complex to None, run_after=None
[2022-09-23T23:51:09.484+0000] {processor.py:178} INFO - Processing /home/airflow/.local/lib/python3.7/site-packages/airflow/example_dags/example_complex.py took 0.299 seconds
[2022-09-23T23:51:39.962+0000] {processor.py:156} INFO - Started process (PID=2747) to work on /home/airflow/.local/lib/python3.7/site-packages/airflow/example_dags/example_complex.py
[2022-09-23T23:51:39.963+0000] {processor.py:758} INFO - Processing file /home/airflow/.local/lib/python3.7/site-packages/airflow/example_dags/example_complex.py for tasks to queue
[2022-09-23T23:51:39.963+0000] {logging_mixin.py:117} INFO - [2022-09-23T23:51:39.963+0000] {dagbag.py:525} INFO - Filling up the DagBag from /home/airflow/.local/lib/python3.7/site-packages/airflow/example_dags/example_complex.py
[2022-09-23T23:51:39.991+0000] {processor.py:768} INFO - DAG(s) dict_keys(['example_complex']) retrieved from /home/airflow/.local/lib/python3.7/site-packages/airflow/example_dags/example_complex.py
[2022-09-23T23:51:40.060+0000] {logging_mixin.py:117} INFO - [2022-09-23T23:51:40.060+0000] {dag.py:2573} INFO - Sync 1 DAGs
[2022-09-23T23:51:40.096+0000] {logging_mixin.py:117} INFO - [2022-09-23T23:51:40.096+0000] {dag.py:3328} INFO - Setting next_dagrun for example_complex to None, run_after=None
[2022-09-23T23:51:40.331+0000] {processor.py:178} INFO - Processing /home/airflow/.local/lib/python3.7/site-packages/airflow/example_dags/example_complex.py took 0.373 seconds
[2022-09-23T23:52:10.545+0000] {processor.py:156} INFO - Started process (PID=2810) to work on /home/airflow/.local/lib/python3.7/site-packages/airflow/example_dags/example_complex.py
[2022-09-23T23:52:10.546+0000] {processor.py:758} INFO - Processing file /home/airflow/.local/lib/python3.7/site-packages/airflow/example_dags/example_complex.py for tasks to queue
[2022-09-23T23:52:10.547+0000] {logging_mixin.py:117} INFO - [2022-09-23T23:52:10.547+0000] {dagbag.py:525} INFO - Filling up the DagBag from /home/airflow/.local/lib/python3.7/site-packages/airflow/example_dags/example_complex.py
[2022-09-23T23:52:10.580+0000] {processor.py:768} INFO - DAG(s) dict_keys(['example_complex']) retrieved from /home/airflow/.local/lib/python3.7/site-packages/airflow/example_dags/example_complex.py
[2022-09-23T23:52:10.654+0000] {logging_mixin.py:117} INFO - [2022-09-23T23:52:10.654+0000] {dag.py:2573} INFO - Sync 1 DAGs
[2022-09-23T23:52:10.709+0000] {logging_mixin.py:117} INFO - [2022-09-23T23:52:10.709+0000] {dag.py:3328} INFO - Setting next_dagrun for example_complex to None, run_after=None
[2022-09-23T23:52:11.000+0000] {processor.py:178} INFO - Processing /home/airflow/.local/lib/python3.7/site-packages/airflow/example_dags/example_complex.py took 0.460 seconds
[2022-09-23T23:52:41.398+0000] {processor.py:156} INFO - Started process (PID=2864) to work on /home/airflow/.local/lib/python3.7/site-packages/airflow/example_dags/example_complex.py
[2022-09-23T23:52:41.400+0000] {processor.py:758} INFO - Processing file /home/airflow/.local/lib/python3.7/site-packages/airflow/example_dags/example_complex.py for tasks to queue
[2022-09-23T23:52:41.401+0000] {logging_mixin.py:117} INFO - [2022-09-23T23:52:41.400+0000] {dagbag.py:525} INFO - Filling up the DagBag from /home/airflow/.local/lib/python3.7/site-packages/airflow/example_dags/example_complex.py
[2022-09-23T23:52:41.427+0000] {processor.py:768} INFO - DAG(s) dict_keys(['example_complex']) retrieved from /home/airflow/.local/lib/python3.7/site-packages/airflow/example_dags/example_complex.py
[2022-09-23T23:52:41.497+0000] {logging_mixin.py:117} INFO - [2022-09-23T23:52:41.496+0000] {dag.py:2573} INFO - Sync 1 DAGs
[2022-09-23T23:52:41.529+0000] {logging_mixin.py:117} INFO - [2022-09-23T23:52:41.529+0000] {dag.py:3328} INFO - Setting next_dagrun for example_complex to None, run_after=None
[2022-09-23T23:52:41.576+0000] {processor.py:178} INFO - Processing /home/airflow/.local/lib/python3.7/site-packages/airflow/example_dags/example_complex.py took 0.183 seconds
[2022-09-23T23:53:13.386+0000] {processor.py:156} INFO - Started process (PID=2928) to work on /home/airflow/.local/lib/python3.7/site-packages/airflow/example_dags/example_complex.py
[2022-09-23T23:53:13.417+0000] {processor.py:758} INFO - Processing file /home/airflow/.local/lib/python3.7/site-packages/airflow/example_dags/example_complex.py for tasks to queue
[2022-09-23T23:53:13.418+0000] {logging_mixin.py:117} INFO - [2022-09-23T23:53:13.418+0000] {dagbag.py:525} INFO - Filling up the DagBag from /home/airflow/.local/lib/python3.7/site-packages/airflow/example_dags/example_complex.py
[2022-09-23T23:53:13.551+0000] {processor.py:768} INFO - DAG(s) dict_keys(['example_complex']) retrieved from /home/airflow/.local/lib/python3.7/site-packages/airflow/example_dags/example_complex.py
[2022-09-23T23:53:16.955+0000] {logging_mixin.py:117} INFO - [2022-09-23T23:53:16.955+0000] {dag.py:2573} INFO - Sync 1 DAGs
[2022-09-23T23:53:16.997+0000] {logging_mixin.py:117} INFO - [2022-09-23T23:53:16.996+0000] {dag.py:3328} INFO - Setting next_dagrun for example_complex to None, run_after=None
[2022-09-23T23:53:17.261+0000] {processor.py:178} INFO - Processing /home/airflow/.local/lib/python3.7/site-packages/airflow/example_dags/example_complex.py took 3.989 seconds
[2022-09-23T23:53:50.656+0000] {processor.py:156} INFO - Started process (PID=2985) to work on /home/airflow/.local/lib/python3.7/site-packages/airflow/example_dags/example_complex.py
[2022-09-23T23:53:50.810+0000] {processor.py:758} INFO - Processing file /home/airflow/.local/lib/python3.7/site-packages/airflow/example_dags/example_complex.py for tasks to queue
[2022-09-23T23:53:50.811+0000] {logging_mixin.py:117} INFO - [2022-09-23T23:53:50.811+0000] {dagbag.py:525} INFO - Filling up the DagBag from /home/airflow/.local/lib/python3.7/site-packages/airflow/example_dags/example_complex.py
[2022-09-23T23:53:50.840+0000] {processor.py:768} INFO - DAG(s) dict_keys(['example_complex']) retrieved from /home/airflow/.local/lib/python3.7/site-packages/airflow/example_dags/example_complex.py
[2022-09-23T23:53:50.912+0000] {logging_mixin.py:117} INFO - [2022-09-23T23:53:50.912+0000] {dag.py:2573} INFO - Sync 1 DAGs
[2022-09-23T23:53:50.953+0000] {logging_mixin.py:117} INFO - [2022-09-23T23:53:50.953+0000] {dag.py:3328} INFO - Setting next_dagrun for example_complex to None, run_after=None
[2022-09-23T23:53:51.020+0000] {processor.py:178} INFO - Processing /home/airflow/.local/lib/python3.7/site-packages/airflow/example_dags/example_complex.py took 0.371 seconds
[2022-09-23T23:54:22.336+0000] {processor.py:156} INFO - Started process (PID=3039) to work on /home/airflow/.local/lib/python3.7/site-packages/airflow/example_dags/example_complex.py
[2022-09-23T23:54:22.339+0000] {processor.py:758} INFO - Processing file /home/airflow/.local/lib/python3.7/site-packages/airflow/example_dags/example_complex.py for tasks to queue
[2022-09-23T23:54:22.340+0000] {logging_mixin.py:117} INFO - [2022-09-23T23:54:22.340+0000] {dagbag.py:525} INFO - Filling up the DagBag from /home/airflow/.local/lib/python3.7/site-packages/airflow/example_dags/example_complex.py
[2022-09-23T23:54:22.366+0000] {processor.py:768} INFO - DAG(s) dict_keys(['example_complex']) retrieved from /home/airflow/.local/lib/python3.7/site-packages/airflow/example_dags/example_complex.py
[2022-09-23T23:54:22.442+0000] {logging_mixin.py:117} INFO - [2022-09-23T23:54:22.441+0000] {dag.py:2573} INFO - Sync 1 DAGs
[2022-09-23T23:54:22.476+0000] {logging_mixin.py:117} INFO - [2022-09-23T23:54:22.476+0000] {dag.py:3328} INFO - Setting next_dagrun for example_complex to None, run_after=None
[2022-09-23T23:54:22.545+0000] {processor.py:178} INFO - Processing /home/airflow/.local/lib/python3.7/site-packages/airflow/example_dags/example_complex.py took 0.214 seconds
[2022-09-23T23:54:52.778+0000] {processor.py:156} INFO - Started process (PID=3093) to work on /home/airflow/.local/lib/python3.7/site-packages/airflow/example_dags/example_complex.py
[2022-09-23T23:54:52.779+0000] {processor.py:758} INFO - Processing file /home/airflow/.local/lib/python3.7/site-packages/airflow/example_dags/example_complex.py for tasks to queue
[2022-09-23T23:54:52.780+0000] {logging_mixin.py:117} INFO - [2022-09-23T23:54:52.780+0000] {dagbag.py:525} INFO - Filling up the DagBag from /home/airflow/.local/lib/python3.7/site-packages/airflow/example_dags/example_complex.py
[2022-09-23T23:54:52.812+0000] {processor.py:768} INFO - DAG(s) dict_keys(['example_complex']) retrieved from /home/airflow/.local/lib/python3.7/site-packages/airflow/example_dags/example_complex.py
[2022-09-23T23:54:52.894+0000] {logging_mixin.py:117} INFO - [2022-09-23T23:54:52.893+0000] {dag.py:2573} INFO - Sync 1 DAGs
[2022-09-23T23:54:52.989+0000] {logging_mixin.py:117} INFO - [2022-09-23T23:54:52.989+0000] {dag.py:3328} INFO - Setting next_dagrun for example_complex to None, run_after=None
[2022-09-23T23:54:53.050+0000] {processor.py:178} INFO - Processing /home/airflow/.local/lib/python3.7/site-packages/airflow/example_dags/example_complex.py took 0.277 seconds
[2022-09-23T23:55:24.909+0000] {processor.py:156} INFO - Started process (PID=3157) to work on /home/airflow/.local/lib/python3.7/site-packages/airflow/example_dags/example_complex.py
[2022-09-23T23:55:24.932+0000] {processor.py:758} INFO - Processing file /home/airflow/.local/lib/python3.7/site-packages/airflow/example_dags/example_complex.py for tasks to queue
[2022-09-23T23:55:24.933+0000] {logging_mixin.py:117} INFO - [2022-09-23T23:55:24.933+0000] {dagbag.py:525} INFO - Filling up the DagBag from /home/airflow/.local/lib/python3.7/site-packages/airflow/example_dags/example_complex.py
[2022-09-23T23:55:24.998+0000] {processor.py:768} INFO - DAG(s) dict_keys(['example_complex']) retrieved from /home/airflow/.local/lib/python3.7/site-packages/airflow/example_dags/example_complex.py
[2022-09-23T23:55:25.091+0000] {logging_mixin.py:117} INFO - [2022-09-23T23:55:25.091+0000] {dag.py:2573} INFO - Sync 1 DAGs
[2022-09-23T23:55:25.137+0000] {logging_mixin.py:117} INFO - [2022-09-23T23:55:25.136+0000] {dag.py:3328} INFO - Setting next_dagrun for example_complex to None, run_after=None
[2022-09-23T23:55:25.290+0000] {processor.py:178} INFO - Processing /home/airflow/.local/lib/python3.7/site-packages/airflow/example_dags/example_complex.py took 0.387 seconds
[2022-09-23T23:55:55.353+0000] {processor.py:156} INFO - Started process (PID=3211) to work on /home/airflow/.local/lib/python3.7/site-packages/airflow/example_dags/example_complex.py
[2022-09-23T23:55:55.355+0000] {processor.py:758} INFO - Processing file /home/airflow/.local/lib/python3.7/site-packages/airflow/example_dags/example_complex.py for tasks to queue
[2022-09-23T23:55:55.356+0000] {logging_mixin.py:117} INFO - [2022-09-23T23:55:55.355+0000] {dagbag.py:525} INFO - Filling up the DagBag from /home/airflow/.local/lib/python3.7/site-packages/airflow/example_dags/example_complex.py
[2022-09-23T23:55:55.382+0000] {processor.py:768} INFO - DAG(s) dict_keys(['example_complex']) retrieved from /home/airflow/.local/lib/python3.7/site-packages/airflow/example_dags/example_complex.py
[2022-09-23T23:55:55.443+0000] {logging_mixin.py:117} INFO - [2022-09-23T23:55:55.443+0000] {dag.py:2573} INFO - Sync 1 DAGs
[2022-09-23T23:55:55.478+0000] {logging_mixin.py:117} INFO - [2022-09-23T23:55:55.478+0000] {dag.py:3328} INFO - Setting next_dagrun for example_complex to None, run_after=None
[2022-09-23T23:55:55.627+0000] {processor.py:178} INFO - Processing /home/airflow/.local/lib/python3.7/site-packages/airflow/example_dags/example_complex.py took 0.281 seconds
[2022-09-23T23:56:25.673+0000] {processor.py:156} INFO - Started process (PID=3272) to work on /home/airflow/.local/lib/python3.7/site-packages/airflow/example_dags/example_complex.py
[2022-09-23T23:56:25.687+0000] {processor.py:758} INFO - Processing file /home/airflow/.local/lib/python3.7/site-packages/airflow/example_dags/example_complex.py for tasks to queue
[2022-09-23T23:56:25.688+0000] {logging_mixin.py:117} INFO - [2022-09-23T23:56:25.688+0000] {dagbag.py:525} INFO - Filling up the DagBag from /home/airflow/.local/lib/python3.7/site-packages/airflow/example_dags/example_complex.py
[2022-09-23T23:56:25.731+0000] {processor.py:768} INFO - DAG(s) dict_keys(['example_complex']) retrieved from /home/airflow/.local/lib/python3.7/site-packages/airflow/example_dags/example_complex.py
[2022-09-23T23:56:25.820+0000] {logging_mixin.py:117} INFO - [2022-09-23T23:56:25.820+0000] {dag.py:2573} INFO - Sync 1 DAGs
[2022-09-23T23:56:25.873+0000] {logging_mixin.py:117} INFO - [2022-09-23T23:56:25.872+0000] {dag.py:3328} INFO - Setting next_dagrun for example_complex to None, run_after=None
[2022-09-23T23:56:25.936+0000] {processor.py:178} INFO - Processing /home/airflow/.local/lib/python3.7/site-packages/airflow/example_dags/example_complex.py took 0.268 seconds
[2022-09-23T23:56:56.235+0000] {processor.py:156} INFO - Started process (PID=3328) to work on /home/airflow/.local/lib/python3.7/site-packages/airflow/example_dags/example_complex.py
[2022-09-23T23:56:56.236+0000] {processor.py:758} INFO - Processing file /home/airflow/.local/lib/python3.7/site-packages/airflow/example_dags/example_complex.py for tasks to queue
[2022-09-23T23:56:56.237+0000] {logging_mixin.py:117} INFO - [2022-09-23T23:56:56.237+0000] {dagbag.py:525} INFO - Filling up the DagBag from /home/airflow/.local/lib/python3.7/site-packages/airflow/example_dags/example_complex.py
[2022-09-23T23:56:56.263+0000] {processor.py:768} INFO - DAG(s) dict_keys(['example_complex']) retrieved from /home/airflow/.local/lib/python3.7/site-packages/airflow/example_dags/example_complex.py
[2022-09-23T23:56:56.327+0000] {logging_mixin.py:117} INFO - [2022-09-23T23:56:56.327+0000] {dag.py:2573} INFO - Sync 1 DAGs
[2022-09-23T23:56:56.360+0000] {logging_mixin.py:117} INFO - [2022-09-23T23:56:56.360+0000] {dag.py:3328} INFO - Setting next_dagrun for example_complex to None, run_after=None
[2022-09-23T23:56:56.405+0000] {processor.py:178} INFO - Processing /home/airflow/.local/lib/python3.7/site-packages/airflow/example_dags/example_complex.py took 0.173 seconds
[2022-09-23T23:57:26.691+0000] {processor.py:156} INFO - Started process (PID=3381) to work on /home/airflow/.local/lib/python3.7/site-packages/airflow/example_dags/example_complex.py
[2022-09-23T23:57:26.704+0000] {processor.py:758} INFO - Processing file /home/airflow/.local/lib/python3.7/site-packages/airflow/example_dags/example_complex.py for tasks to queue
[2022-09-23T23:57:26.705+0000] {logging_mixin.py:117} INFO - [2022-09-23T23:57:26.705+0000] {dagbag.py:525} INFO - Filling up the DagBag from /home/airflow/.local/lib/python3.7/site-packages/airflow/example_dags/example_complex.py
[2022-09-23T23:57:26.735+0000] {processor.py:768} INFO - DAG(s) dict_keys(['example_complex']) retrieved from /home/airflow/.local/lib/python3.7/site-packages/airflow/example_dags/example_complex.py
[2022-09-23T23:57:26.798+0000] {logging_mixin.py:117} INFO - [2022-09-23T23:57:26.798+0000] {dag.py:2573} INFO - Sync 1 DAGs
[2022-09-23T23:57:26.832+0000] {logging_mixin.py:117} INFO - [2022-09-23T23:57:26.832+0000] {dag.py:3328} INFO - Setting next_dagrun for example_complex to None, run_after=None
[2022-09-23T23:57:26.980+0000] {processor.py:178} INFO - Processing /home/airflow/.local/lib/python3.7/site-packages/airflow/example_dags/example_complex.py took 0.294 seconds
[2022-09-23T23:57:57.281+0000] {processor.py:156} INFO - Started process (PID=3443) to work on /home/airflow/.local/lib/python3.7/site-packages/airflow/example_dags/example_complex.py
[2022-09-23T23:57:57.281+0000] {processor.py:758} INFO - Processing file /home/airflow/.local/lib/python3.7/site-packages/airflow/example_dags/example_complex.py for tasks to queue
[2022-09-23T23:57:57.282+0000] {logging_mixin.py:117} INFO - [2022-09-23T23:57:57.282+0000] {dagbag.py:525} INFO - Filling up the DagBag from /home/airflow/.local/lib/python3.7/site-packages/airflow/example_dags/example_complex.py
[2022-09-23T23:57:57.310+0000] {processor.py:768} INFO - DAG(s) dict_keys(['example_complex']) retrieved from /home/airflow/.local/lib/python3.7/site-packages/airflow/example_dags/example_complex.py
[2022-09-23T23:57:57.367+0000] {logging_mixin.py:117} INFO - [2022-09-23T23:57:57.367+0000] {dag.py:2573} INFO - Sync 1 DAGs
[2022-09-23T23:57:57.401+0000] {logging_mixin.py:117} INFO - [2022-09-23T23:57:57.401+0000] {dag.py:3328} INFO - Setting next_dagrun for example_complex to None, run_after=None
[2022-09-23T23:57:57.530+0000] {processor.py:178} INFO - Processing /home/airflow/.local/lib/python3.7/site-packages/airflow/example_dags/example_complex.py took 0.253 seconds
[2022-09-23T23:58:28.208+0000] {processor.py:156} INFO - Started process (PID=3506) to work on /home/airflow/.local/lib/python3.7/site-packages/airflow/example_dags/example_complex.py
[2022-09-23T23:58:28.209+0000] {processor.py:758} INFO - Processing file /home/airflow/.local/lib/python3.7/site-packages/airflow/example_dags/example_complex.py for tasks to queue
[2022-09-23T23:58:28.210+0000] {logging_mixin.py:117} INFO - [2022-09-23T23:58:28.210+0000] {dagbag.py:525} INFO - Filling up the DagBag from /home/airflow/.local/lib/python3.7/site-packages/airflow/example_dags/example_complex.py
[2022-09-23T23:58:28.253+0000] {processor.py:768} INFO - DAG(s) dict_keys(['example_complex']) retrieved from /home/airflow/.local/lib/python3.7/site-packages/airflow/example_dags/example_complex.py
[2022-09-23T23:58:28.345+0000] {logging_mixin.py:117} INFO - [2022-09-23T23:58:28.345+0000] {dag.py:2573} INFO - Sync 1 DAGs
[2022-09-23T23:58:28.406+0000] {logging_mixin.py:117} INFO - [2022-09-23T23:58:28.406+0000] {dag.py:3328} INFO - Setting next_dagrun for example_complex to None, run_after=None
[2022-09-23T23:58:28.694+0000] {processor.py:178} INFO - Processing /home/airflow/.local/lib/python3.7/site-packages/airflow/example_dags/example_complex.py took 0.491 seconds
[2022-09-23T23:58:58.739+0000] {processor.py:156} INFO - Started process (PID=3560) to work on /home/airflow/.local/lib/python3.7/site-packages/airflow/example_dags/example_complex.py
[2022-09-23T23:58:58.740+0000] {processor.py:758} INFO - Processing file /home/airflow/.local/lib/python3.7/site-packages/airflow/example_dags/example_complex.py for tasks to queue
[2022-09-23T23:58:58.741+0000] {logging_mixin.py:117} INFO - [2022-09-23T23:58:58.741+0000] {dagbag.py:525} INFO - Filling up the DagBag from /home/airflow/.local/lib/python3.7/site-packages/airflow/example_dags/example_complex.py
[2022-09-23T23:58:58.771+0000] {processor.py:768} INFO - DAG(s) dict_keys(['example_complex']) retrieved from /home/airflow/.local/lib/python3.7/site-packages/airflow/example_dags/example_complex.py
[2022-09-23T23:58:58.838+0000] {logging_mixin.py:117} INFO - [2022-09-23T23:58:58.838+0000] {dag.py:2573} INFO - Sync 1 DAGs
[2022-09-23T23:58:58.874+0000] {logging_mixin.py:117} INFO - [2022-09-23T23:58:58.874+0000] {dag.py:3328} INFO - Setting next_dagrun for example_complex to None, run_after=None
[2022-09-23T23:58:58.917+0000] {processor.py:178} INFO - Processing /home/airflow/.local/lib/python3.7/site-packages/airflow/example_dags/example_complex.py took 0.181 seconds
[2022-09-23T23:59:29.972+0000] {processor.py:156} INFO - Started process (PID=3622) to work on /home/airflow/.local/lib/python3.7/site-packages/airflow/example_dags/example_complex.py
[2022-09-23T23:59:29.973+0000] {processor.py:758} INFO - Processing file /home/airflow/.local/lib/python3.7/site-packages/airflow/example_dags/example_complex.py for tasks to queue
[2022-09-23T23:59:29.974+0000] {logging_mixin.py:117} INFO - [2022-09-23T23:59:29.974+0000] {dagbag.py:525} INFO - Filling up the DagBag from /home/airflow/.local/lib/python3.7/site-packages/airflow/example_dags/example_complex.py
[2022-09-23T23:59:30.017+0000] {processor.py:768} INFO - DAG(s) dict_keys(['example_complex']) retrieved from /home/airflow/.local/lib/python3.7/site-packages/airflow/example_dags/example_complex.py
[2022-09-23T23:59:30.101+0000] {logging_mixin.py:117} INFO - [2022-09-23T23:59:30.101+0000] {dag.py:2573} INFO - Sync 1 DAGs
[2022-09-23T23:59:30.150+0000] {logging_mixin.py:117} INFO - [2022-09-23T23:59:30.150+0000] {dag.py:3328} INFO - Setting next_dagrun for example_complex to None, run_after=None
[2022-09-23T23:59:30.200+0000] {processor.py:178} INFO - Processing /home/airflow/.local/lib/python3.7/site-packages/airflow/example_dags/example_complex.py took 0.233 seconds
